[2m2022-06-17 20:10:06.878[0;39m [32m INFO[0;39m [35m8280[0;39m [2m---[0;39m [2m[  restartedMain][0;39m [36m.e.DevToolsPropertyDefaultsPostProcessor[0;39m [2m:[0;39m Devtools property defaults active! Set 'spring.devtools.add-properties' to 'false' to disable
[2m2022-06-17 20:10:06.881[0;39m [32m INFO[0;39m [35m8280[0;39m [2m---[0;39m [2m[  restartedMain][0;39m [36m.e.DevToolsPropertyDefaultsPostProcessor[0;39m [2m:[0;39m For additional web related logging consider setting the 'logging.level.web' property to 'DEBUG'
[2m2022-06-17 20:10:07.971[0;39m [32m INFO[0;39m [35m8280[0;39m [2m---[0;39m [2m[  restartedMain][0;39m [36mo.s.b.w.embedded.tomcat.TomcatWebServer [0;39m [2m:[0;39m Tomcat initialized with port(s): 80 (http)
[2m2022-06-17 20:10:08.133[0;39m [32m INFO[0;39m [35m8280[0;39m [2m---[0;39m [2m[  restartedMain][0;39m [36mw.s.c.ServletWebServerApplicationContext[0;39m [2m:[0;39m Root WebApplicationContext: initialization completed in 1251 ms
[2m2022-06-17 20:10:08.728[0;39m [32m INFO[0;39m [35m8280[0;39m [2m---[0;39m [2m[  restartedMain][0;39m [36mo.s.b.d.a.OptionalLiveReloadServer      [0;39m [2m:[0;39m LiveReload server is running on port 35729
[2m2022-06-17 20:10:08.743[0;39m [32m INFO[0;39m [35m8280[0;39m [2m---[0;39m [2m[  restartedMain][0;39m [36mo.s.b.a.w.s.WelcomePageHandlerMapping   [0;39m [2m:[0;39m Adding welcome page: class path resource [static/index.html]
[2m2022-06-17 20:10:08.937[0;39m [32m INFO[0;39m [35m8280[0;39m [2m---[0;39m [2m[  restartedMain][0;39m [36mo.s.b.w.embedded.tomcat.TomcatWebServer [0;39m [2m:[0;39m Tomcat started on port(s): 80 (http) with context path ''
[2m2022-06-17 20:10:56.956[0;39m [32m INFO[0;39m [35m8280[0;39m [2m---[0;39m [2m[p-nio-80-exec-2][0;39m [36mo.s.web.servlet.DispatcherServlet       [0;39m [2m:[0;39m Initializing Servlet 'dispatcherServlet'
[2m2022-06-17 20:10:56.957[0;39m [32m INFO[0;39m [35m8280[0;39m [2m---[0;39m [2m[p-nio-80-exec-2][0;39m [36mo.s.web.servlet.DispatcherServlet       [0;39m [2m:[0;39m Completed initialization in 1 ms
[2m2022-06-17 20:26:09.095[0;39m [33m WARN[0;39m [35m8280[0;39m [2m---[0;39m [2m[p-nio-80-exec-9][0;39m [36m.w.s.m.s.DefaultHandlerExceptionResolver[0;39m [2m:[0;39m Resolved [org.springframework.web.HttpRequestMethodNotSupportedException: Request method 'POST' not supported]
[2m2022-06-17 20:38:27.701[0;39m [32mDEBUG[0;39m [35m8280[0;39m [2m---[0;39m [2m[p-nio-80-exec-7][0;39m [36mc.ssafy.vue.controller.BoardController  [0;39m [2m:[0;39m retrieveBoard - 호출
[2m2022-06-17 20:38:45.253[0;39m [32mDEBUG[0;39m [35m8280[0;39m [2m---[0;39m [2m[p-nio-80-exec-3][0;39m [36mc.ssafy.vue.controller.MemberController [0;39m [2m:[0;39m 로그인 토큰정보 : eyJ0eXAiOiJKV1QiLCJyZWdEYXRlIjoxNjU1NDY1OTI1MjM4LCJhbGciOiJIUzI1NiJ9.eyJleHAiOjE2NTU0Njk1MjUsInN1YiI6ImFjY2Vzcy10b2tlbiIsInVzZXJpZCI6InNzYWZ5In0.ycaX_sigpfhw2XGJDv5SdeXLEmxlE77JUqH083GAwHY
[2m2022-06-17 20:38:45.295[0;39m [32m INFO[0;39m [35m8280[0;39m [2m---[0;39m [2m[p-nio-80-exec-1][0;39m [36mc.ssafy.vue.controller.MemberController [0;39m [2m:[0;39m 사용 가능한 토큰!!!
[2m2022-06-17 20:38:48.436[0;39m [32mDEBUG[0;39m [35m8280[0;39m [2m---[0;39m [2m[p-nio-80-exec-5][0;39m [36mc.ssafy.vue.controller.BoardController  [0;39m [2m:[0;39m retrieveBoard - 호출
[2m2022-06-17 20:48:52.696[0;39m [32mDEBUG[0;39m [35m8280[0;39m [2m---[0;39m [2m[p-nio-80-exec-3][0;39m [36mc.ssafy.vue.controller.BoardController  [0;39m [2m:[0;39m retrieveBoard - 호출
[2m2022-06-17 20:48:54.220[0;39m [32mDEBUG[0;39m [35m8280[0;39m [2m---[0;39m [2m[-nio-80-exec-10][0;39m [36mc.ssafy.vue.controller.BoardController  [0;39m [2m:[0;39m detailBoard - 호출
[2m2022-06-17 20:49:38.204[0;39m [32mDEBUG[0;39m [35m8280[0;39m [2m---[0;39m [2m[p-nio-80-exec-4][0;39m [36mc.ssafy.vue.controller.BoardController  [0;39m [2m:[0;39m detailBoard - 호출
[2m2022-06-17 20:52:43.044[0;39m [32mDEBUG[0;39m [35m8280[0;39m [2m---[0;39m [2m[p-nio-80-exec-3][0;39m [36mc.ssafy.vue.controller.BoardController  [0;39m [2m:[0;39m retrieveBoard - 호출
[2m2022-06-17 20:52:46.339[0;39m [32mDEBUG[0;39m [35m8280[0;39m [2m---[0;39m [2m[p-nio-80-exec-6][0;39m [36mc.ssafy.vue.controller.BoardController  [0;39m [2m:[0;39m detailBoard - 호출
[2m2022-06-17 20:52:51.788[0;39m [32mDEBUG[0;39m [35m8280[0;39m [2m---[0;39m [2m[p-nio-80-exec-8][0;39m [36mc.ssafy.vue.controller.BoardController  [0;39m [2m:[0;39m retrieveBoard - 호출
[2m2022-06-17 20:54:40.379[0;39m [32mDEBUG[0;39m [35m8280[0;39m [2m---[0;39m [2m[p-nio-80-exec-7][0;39m [36mc.ssafy.vue.controller.BoardController  [0;39m [2m:[0;39m detailBoard - 호출
[2m2022-06-17 20:55:32.951[0;39m [33m WARN[0;39m [35m8280[0;39m [2m---[0;39m [2m[p-nio-80-exec-3][0;39m [36m.w.s.m.s.DefaultHandlerExceptionResolver[0;39m [2m:[0;39m Resolved [org.springframework.web.method.annotation.MethodArgumentTypeMismatchException: Failed to convert value of type 'java.lang.String' to required type 'int'; nested exception is java.lang.NumberFormatException: For input string: "list"]
[2m2022-06-17 20:55:33.545[0;39m [33m WARN[0;39m [35m8280[0;39m [2m---[0;39m [2m[p-nio-80-exec-8][0;39m [36m.w.s.m.s.DefaultHandlerExceptionResolver[0;39m [2m:[0;39m Resolved [org.springframework.web.method.annotation.MethodArgumentTypeMismatchException: Failed to convert value of type 'java.lang.String' to required type 'int'; nested exception is java.lang.NumberFormatException: For input string: "list"]
[2m2022-06-17 21:32:19.584[0;39m [32mDEBUG[0;39m [35m8280[0;39m [2m---[0;39m [2m[p-nio-80-exec-9][0;39m [36mc.ssafy.vue.controller.QboardController [0;39m [2m:[0;39m retrieveQboard - 호출
[2m2022-06-17 21:32:25.961[0;39m [32mDEBUG[0;39m [35m8280[0;39m [2m---[0;39m [2m[p-nio-80-exec-5][0;39m [36mc.ssafy.vue.controller.QboardController [0;39m [2m:[0;39m detailQboard - 호출
[2m2022-06-17 21:32:25.963[0;39m [32mDEBUG[0;39m [35m8280[0;39m [2m---[0;39m [2m[p-nio-80-exec-6][0;39m [36mc.ssafy.vue.controller.AboardController [0;39m [2m:[0;39m detailAboard - 호출
[2m2022-06-17 21:41:46.803[0;39m [32mDEBUG[0;39m [35m8280[0;39m [2m---[0;39m [2m[p-nio-80-exec-6][0;39m [36mc.ssafy.vue.controller.QboardController [0;39m [2m:[0;39m retrieveQboard - 호출
[2m2022-06-17 22:52:05.827[0;39m [32m INFO[0;39m [35m8280[0;39m [2m---[0;39m [2m[on(2)-127.0.0.1][0;39m [36minMXBeanRegistrar$SpringApplicationAdmin[0;39m [2m:[0;39m Application shutdown requested.
