[2m2022-05-21 00:12:59.219[0;39m [32mDEBUG[0;39m [35m14408[0;39m [2m---[0;39m [2m[nio-9999-exec-5][0;39m [36mc.ssafy.vue.controller.MemberController [0;39m [2m:[0;39m userInfo- 호출
[2m2022-05-21 00:22:26.647[0;39m [32mDEBUG[0;39m [35m14408[0;39m [2m---[0;39m [2m[nio-9999-exec-7][0;39m [36mc.ssafy.vue.controller.BoardController  [0;39m [2m:[0;39m retrieveBoard - 호출
[2m2022-05-21 00:22:33.228[0;39m [32mDEBUG[0;39m [35m14408[0;39m [2m---[0;39m [2m[nio-9999-exec-9][0;39m [36mc.ssafy.vue.controller.QboardController [0;39m [2m:[0;39m retrieveQboard - 호출
[2m2022-05-21 01:51:01.670[0;39m [32mDEBUG[0;39m [35m14408[0;39m [2m---[0;39m [2m[nio-9999-exec-6][0;39m [36mc.ssafy.vue.controller.BoardController  [0;39m [2m:[0;39m retrieveBoard - 호출
[2m2022-05-21 01:51:11.154[0;39m [32mDEBUG[0;39m [35m14408[0;39m [2m---[0;39m [2m[nio-9999-exec-7][0;39m [36mc.ssafy.vue.controller.MemberController [0;39m [2m:[0;39m 로그인 토큰정보 : eyJ0eXAiOiJKV1QiLCJyZWdEYXRlIjoxNjUzMDY1NDcxMTUzLCJhbGciOiJIUzI1NiJ9.eyJleHAiOjE2NTMwNjkwNzEsInN1YiI6ImFjY2Vzcy10b2tlbiIsInVzZXJpZCI6InNzYWZ5In0.bDKs5hicR18MN1RdvAa9B7oHCIoLXliHaju1u5AQCYM
[2m2022-05-21 01:51:11.177[0;39m [32m INFO[0;39m [35m14408[0;39m [2m---[0;39m [2m[nio-9999-exec-8][0;39m [36mc.ssafy.vue.controller.MemberController [0;39m [2m:[0;39m 사용 가능한 토큰!!!
[2m2022-05-21 01:51:19.057[0;39m [32mDEBUG[0;39m [35m14408[0;39m [2m---[0;39m [2m[nio-9999-exec-1][0;39m [36mc.ssafy.vue.controller.QboardController [0;39m [2m:[0;39m retrieveQboard - 호출
[2m2022-05-21 01:51:24.392[0;39m [32mDEBUG[0;39m [35m14408[0;39m [2m---[0;39m [2m[nio-9999-exec-3][0;39m [36mc.ssafy.vue.controller.MemberController [0;39m [2m:[0;39m getById- 호출
[2m2022-05-21 01:53:17.897[0;39m [32mDEBUG[0;39m [35m14408[0;39m [2m---[0;39m [2m[nio-9999-exec-5][0;39m [36mc.ssafy.vue.controller.MemberController [0;39m [2m:[0;39m getById- 호출
[2m2022-05-21 01:53:36.219[0;39m [32mDEBUG[0;39m [35m14408[0;39m [2m---[0;39m [2m[nio-9999-exec-6][0;39m [36mc.ssafy.vue.controller.MemberController [0;39m [2m:[0;39m getById- 호출
[2m2022-05-21 01:54:04.469[0;39m [32mDEBUG[0;39m [35m14408[0;39m [2m---[0;39m [2m[nio-9999-exec-7][0;39m [36mc.ssafy.vue.controller.MemberController [0;39m [2m:[0;39m getById- 호출
[2m2022-05-21 02:02:39.589[0;39m [32mDEBUG[0;39m [35m14408[0;39m [2m---[0;39m [2m[nio-9999-exec-8][0;39m [36mc.ssafy.vue.controller.MemberController [0;39m [2m:[0;39m getById- 호출
[2m2022-05-21 02:02:48.474[0;39m [32mDEBUG[0;39m [35m14408[0;39m [2m---[0;39m [2m[io-9999-exec-10][0;39m [36mc.ssafy.vue.controller.MemberController [0;39m [2m:[0;39m getById- 호출
[2m2022-05-21 02:02:54.796[0;39m [32mDEBUG[0;39m [35m14408[0;39m [2m---[0;39m [2m[nio-9999-exec-2][0;39m [36mc.ssafy.vue.controller.MemberController [0;39m [2m:[0;39m modifyMember - 호출
[2m2022-05-21 02:05:36.140[0;39m [32mDEBUG[0;39m [35m14408[0;39m [2m---[0;39m [2m[nio-9999-exec-4][0;39m [36mc.ssafy.vue.controller.MemberController [0;39m [2m:[0;39m getById- 호출
[2m2022-05-21 02:05:41.314[0;39m [32mDEBUG[0;39m [35m14408[0;39m [2m---[0;39m [2m[nio-9999-exec-5][0;39m [36mc.ssafy.vue.controller.MemberController [0;39m [2m:[0;39m modifyMember - 호출
[2m2022-05-21 02:05:47.267[0;39m [32mDEBUG[0;39m [35m14408[0;39m [2m---[0;39m [2m[nio-9999-exec-6][0;39m [36mc.ssafy.vue.controller.MemberController [0;39m [2m:[0;39m getById- 호출
[2m2022-05-21 02:05:55.446[0;39m [32mDEBUG[0;39m [35m14408[0;39m [2m---[0;39m [2m[nio-9999-exec-7][0;39m [36mc.ssafy.vue.controller.MemberController [0;39m [2m:[0;39m modifyMember - 호출
[2m2022-05-21 02:07:07.239[0;39m [32mDEBUG[0;39m [35m14408[0;39m [2m---[0;39m [2m[nio-9999-exec-8][0;39m [36mc.ssafy.vue.controller.MemberController [0;39m [2m:[0;39m getById- 호출
[2m2022-05-21 02:09:33.450[0;39m [32mDEBUG[0;39m [35m14408[0;39m [2m---[0;39m [2m[nio-9999-exec-1][0;39m [36mc.ssafy.vue.controller.MemberController [0;39m [2m:[0;39m getById- 호출
[2m2022-05-21 02:11:14.165[0;39m [32mDEBUG[0;39m [35m14408[0;39m [2m---[0;39m [2m[nio-9999-exec-3][0;39m [36mc.ssafy.vue.controller.MemberController [0;39m [2m:[0;39m getById- 호출
[2m2022-05-21 02:11:18.417[0;39m [32mDEBUG[0;39m [35m14408[0;39m [2m---[0;39m [2m[nio-9999-exec-4][0;39m [36mc.ssafy.vue.controller.MemberController [0;39m [2m:[0;39m getById- 호출
[2m2022-05-21 02:11:24.288[0;39m [32mDEBUG[0;39m [35m14408[0;39m [2m---[0;39m [2m[nio-9999-exec-5][0;39m [36mc.ssafy.vue.controller.MemberController [0;39m [2m:[0;39m getById- 호출
[2m2022-05-21 02:11:36.028[0;39m [32mDEBUG[0;39m [35m14408[0;39m [2m---[0;39m [2m[nio-9999-exec-6][0;39m [36mc.ssafy.vue.controller.MemberController [0;39m [2m:[0;39m getById- 호출
[2m2022-05-21 02:11:38.386[0;39m [32mDEBUG[0;39m [35m14408[0;39m [2m---[0;39m [2m[nio-9999-exec-7][0;39m [36mc.ssafy.vue.controller.MemberController [0;39m [2m:[0;39m getById- 호출
[2m2022-05-21 02:11:41.002[0;39m [32mDEBUG[0;39m [35m14408[0;39m [2m---[0;39m [2m[nio-9999-exec-9][0;39m [36mc.ssafy.vue.controller.MemberController [0;39m [2m:[0;39m getById- 호출
[2m2022-05-21 02:12:23.360[0;39m [32mDEBUG[0;39m [35m14408[0;39m [2m---[0;39m [2m[nio-9999-exec-8][0;39m [36mc.ssafy.vue.controller.MemberController [0;39m [2m:[0;39m getById- 호출
[2m2022-05-21 02:12:28.196[0;39m [32mDEBUG[0;39m [35m14408[0;39m [2m---[0;39m [2m[io-9999-exec-10][0;39m [36mc.ssafy.vue.controller.MemberController [0;39m [2m:[0;39m getById- 호출
[2m2022-05-21 02:13:12.687[0;39m [32mDEBUG[0;39m [35m14408[0;39m [2m---[0;39m [2m[nio-9999-exec-1][0;39m [36mc.ssafy.vue.controller.MemberController [0;39m [2m:[0;39m getById- 호출
[2m2022-05-21 02:15:06.637[0;39m [32mDEBUG[0;39m [35m14408[0;39m [2m---[0;39m [2m[nio-9999-exec-3][0;39m [36mc.ssafy.vue.controller.MemberController [0;39m [2m:[0;39m getById- 호출
[2m2022-05-21 02:15:12.198[0;39m [32mDEBUG[0;39m [35m14408[0;39m [2m---[0;39m [2m[nio-9999-exec-4][0;39m [36mc.ssafy.vue.controller.MemberController [0;39m [2m:[0;39m getById- 호출
[2m2022-05-21 02:15:13.199[0;39m [32mDEBUG[0;39m [35m14408[0;39m [2m---[0;39m [2m[nio-9999-exec-5][0;39m [36mc.ssafy.vue.controller.MemberController [0;39m [2m:[0;39m getById- 호출
[2m2022-05-21 02:15:14.276[0;39m [32mDEBUG[0;39m [35m14408[0;39m [2m---[0;39m [2m[nio-9999-exec-6][0;39m [36mc.ssafy.vue.controller.MemberController [0;39m [2m:[0;39m getById- 호출
[2m2022-05-21 02:16:21.327[0;39m [32mDEBUG[0;39m [35m14408[0;39m [2m---[0;39m [2m[nio-9999-exec-9][0;39m [36mc.ssafy.vue.controller.MemberController [0;39m [2m:[0;39m getById- 호출
[2m2022-05-21 02:16:38.256[0;39m [32mDEBUG[0;39m [35m14408[0;39m [2m---[0;39m [2m[nio-9999-exec-8][0;39m [36mc.ssafy.vue.controller.MemberController [0;39m [2m:[0;39m getById- 호출
[2m2022-05-21 02:16:43.416[0;39m [32mDEBUG[0;39m [35m14408[0;39m [2m---[0;39m [2m[io-9999-exec-10][0;39m [36mc.ssafy.vue.controller.MemberController [0;39m [2m:[0;39m getById- 호출
[2m2022-05-21 02:17:17.860[0;39m [32mDEBUG[0;39m [35m14408[0;39m [2m---[0;39m [2m[nio-9999-exec-1][0;39m [36mc.ssafy.vue.controller.MemberController [0;39m [2m:[0;39m getById- 호출
[2m2022-05-21 02:17:19.533[0;39m [32mDEBUG[0;39m [35m14408[0;39m [2m---[0;39m [2m[nio-9999-exec-2][0;39m [36mc.ssafy.vue.controller.MemberController [0;39m [2m:[0;39m getById- 호출
[2m2022-05-21 02:17:20.642[0;39m [32mDEBUG[0;39m [35m14408[0;39m [2m---[0;39m [2m[nio-9999-exec-3][0;39m [36mc.ssafy.vue.controller.MemberController [0;39m [2m:[0;39m getById- 호출
[2m2022-05-21 02:17:24.097[0;39m [32mDEBUG[0;39m [35m14408[0;39m [2m---[0;39m [2m[nio-9999-exec-4][0;39m [36mc.ssafy.vue.controller.MemberController [0;39m [2m:[0;39m modifyMember - 호출
[2m2022-05-21 02:17:30.210[0;39m [32mDEBUG[0;39m [35m14408[0;39m [2m---[0;39m [2m[nio-9999-exec-5][0;39m [36mc.ssafy.vue.controller.BoardController  [0;39m [2m:[0;39m retrieveBoard - 호출
[2m2022-05-21 02:17:43.184[0;39m [32mDEBUG[0;39m [35m14408[0;39m [2m---[0;39m [2m[nio-9999-exec-6][0;39m [36mc.ssafy.vue.controller.MemberController [0;39m [2m:[0;39m getById- 호출
[2m2022-05-21 02:17:46.199[0;39m [32mDEBUG[0;39m [35m14408[0;39m [2m---[0;39m [2m[nio-9999-exec-7][0;39m [36mc.ssafy.vue.controller.MemberController [0;39m [2m:[0;39m modifyMember - 호출
[2m2022-05-21 02:30:26.416[0;39m [32mDEBUG[0;39m [35m14408[0;39m [2m---[0;39m [2m[nio-9999-exec-8][0;39m [36mc.ssafy.vue.controller.MemberController [0;39m [2m:[0;39m getById- 호출
[2m2022-05-21 02:30:29.729[0;39m [32mDEBUG[0;39m [35m14408[0;39m [2m---[0;39m [2m[io-9999-exec-10][0;39m [36mc.ssafy.vue.controller.MemberController [0;39m [2m:[0;39m modifyMember - 호출
[2m2022-05-21 02:30:36.539[0;39m [32mDEBUG[0;39m [35m14408[0;39m [2m---[0;39m [2m[nio-9999-exec-1][0;39m [36mc.ssafy.vue.controller.MemberController [0;39m [2m:[0;39m modifyMember - 호출
[2m2022-05-21 02:30:56.961[0;39m [32mDEBUG[0;39m [35m14408[0;39m [2m---[0;39m [2m[nio-9999-exec-2][0;39m [36mc.ssafy.vue.controller.MemberController [0;39m [2m:[0;39m modifyMember - 호출
[2m2022-05-21 02:31:21.540[0;39m [32mDEBUG[0;39m [35m14408[0;39m [2m---[0;39m [2m[nio-9999-exec-3][0;39m [36mc.ssafy.vue.controller.MemberController [0;39m [2m:[0;39m getById- 호출
[2m2022-05-21 02:31:26.955[0;39m [32mDEBUG[0;39m [35m14408[0;39m [2m---[0;39m [2m[nio-9999-exec-4][0;39m [36mc.ssafy.vue.controller.MemberController [0;39m [2m:[0;39m getById- 호출
[2m2022-05-21 02:31:29.337[0;39m [32mDEBUG[0;39m [35m14408[0;39m [2m---[0;39m [2m[nio-9999-exec-5][0;39m [36mc.ssafy.vue.controller.MemberController [0;39m [2m:[0;39m getById- 호출
[2m2022-05-21 02:31:32.310[0;39m [32mDEBUG[0;39m [35m14408[0;39m [2m---[0;39m [2m[nio-9999-exec-6][0;39m [36mc.ssafy.vue.controller.MemberController [0;39m [2m:[0;39m modifyMember - 호출
[2m2022-05-21 02:31:39.243[0;39m [32mDEBUG[0;39m [35m14408[0;39m [2m---[0;39m [2m[nio-9999-exec-7][0;39m [36mc.ssafy.vue.controller.MemberController [0;39m [2m:[0;39m getById- 호출
[2m2022-05-21 02:31:41.633[0;39m [32mDEBUG[0;39m [35m14408[0;39m [2m---[0;39m [2m[nio-9999-exec-9][0;39m [36mc.ssafy.vue.controller.MemberController [0;39m [2m:[0;39m modifyMember - 호출
[2m2022-05-21 02:34:20.105[0;39m [32mDEBUG[0;39m [35m14408[0;39m [2m---[0;39m [2m[io-9999-exec-10][0;39m [36mc.ssafy.vue.controller.MemberController [0;39m [2m:[0;39m getById- 호출
[2m2022-05-21 02:34:20.152[0;39m [32mDEBUG[0;39m [35m14408[0;39m [2m---[0;39m [2m[nio-9999-exec-1][0;39m [36mc.ssafy.vue.controller.MemberController [0;39m [2m:[0;39m getById- 호출
[2m2022-05-21 02:34:26.755[0;39m [32mDEBUG[0;39m [35m14408[0;39m [2m---[0;39m [2m[nio-9999-exec-2][0;39m [36mc.ssafy.vue.controller.MemberController [0;39m [2m:[0;39m getById- 호출
[2m2022-05-21 02:34:27.871[0;39m [32mDEBUG[0;39m [35m14408[0;39m [2m---[0;39m [2m[nio-9999-exec-3][0;39m [36mc.ssafy.vue.controller.MemberController [0;39m [2m:[0;39m getById- 호출
[2m2022-05-21 02:34:30.606[0;39m [32mDEBUG[0;39m [35m14408[0;39m [2m---[0;39m [2m[nio-9999-exec-4][0;39m [36mc.ssafy.vue.controller.MemberController [0;39m [2m:[0;39m getById- 호출
[2m2022-05-21 02:34:33.906[0;39m [32mDEBUG[0;39m [35m14408[0;39m [2m---[0;39m [2m[nio-9999-exec-5][0;39m [36mc.ssafy.vue.controller.MemberController [0;39m [2m:[0;39m modifyMember - 호출
[2m2022-05-21 02:34:43.782[0;39m [32mDEBUG[0;39m [35m14408[0;39m [2m---[0;39m [2m[nio-9999-exec-6][0;39m [36mc.ssafy.vue.controller.MemberController [0;39m [2m:[0;39m getById- 호출
[2m2022-05-21 02:34:56.244[0;39m [32mDEBUG[0;39m [35m14408[0;39m [2m---[0;39m [2m[nio-9999-exec-7][0;39m [36mc.ssafy.vue.controller.MemberController [0;39m [2m:[0;39m getById- 호출
[2m2022-05-21 02:34:57.300[0;39m [32mDEBUG[0;39m [35m14408[0;39m [2m---[0;39m [2m[nio-9999-exec-9][0;39m [36mc.ssafy.vue.controller.MemberController [0;39m [2m:[0;39m getById- 호출
[2m2022-05-21 02:34:59.650[0;39m [32mDEBUG[0;39m [35m14408[0;39m [2m---[0;39m [2m[nio-9999-exec-8][0;39m [36mc.ssafy.vue.controller.MemberController [0;39m [2m:[0;39m getById- 호출
[2m2022-05-21 02:35:03.012[0;39m [32mDEBUG[0;39m [35m14408[0;39m [2m---[0;39m [2m[io-9999-exec-10][0;39m [36mc.ssafy.vue.controller.MemberController [0;39m [2m:[0;39m modifyMember - 호출
[2m2022-05-21 02:40:35.350[0;39m [32mDEBUG[0;39m [35m14408[0;39m [2m---[0;39m [2m[nio-9999-exec-2][0;39m [36mc.ssafy.vue.controller.MemberController [0;39m [2m:[0;39m getById- 호출
[2m2022-05-21 02:40:38.630[0;39m [32mDEBUG[0;39m [35m14408[0;39m [2m---[0;39m [2m[nio-9999-exec-3][0;39m [36mc.ssafy.vue.controller.MemberController [0;39m [2m:[0;39m modifyMember - 호출
[2m2022-05-21 02:41:06.571[0;39m [32mDEBUG[0;39m [35m14408[0;39m [2m---[0;39m [2m[nio-9999-exec-4][0;39m [36mc.ssafy.vue.controller.MemberController [0;39m [2m:[0;39m getById- 호출
[2m2022-05-21 02:41:15.821[0;39m [32mDEBUG[0;39m [35m14408[0;39m [2m---[0;39m [2m[nio-9999-exec-5][0;39m [36mc.ssafy.vue.controller.MemberController [0;39m [2m:[0;39m getById- 호출
[2m2022-05-21 02:42:16.487[0;39m [32mDEBUG[0;39m [35m14408[0;39m [2m---[0;39m [2m[nio-9999-exec-6][0;39m [36mc.ssafy.vue.controller.MemberController [0;39m [2m:[0;39m getById- 호출
[2m2022-05-21 02:42:23.658[0;39m [32mDEBUG[0;39m [35m14408[0;39m [2m---[0;39m [2m[nio-9999-exec-7][0;39m [36mc.ssafy.vue.controller.MemberController [0;39m [2m:[0;39m getById- 호출
[2m2022-05-21 02:42:28.897[0;39m [32mDEBUG[0;39m [35m14408[0;39m [2m---[0;39m [2m[nio-9999-exec-9][0;39m [36mc.ssafy.vue.controller.MemberController [0;39m [2m:[0;39m getById- 호출
[2m2022-05-21 02:42:31.695[0;39m [32mDEBUG[0;39m [35m14408[0;39m [2m---[0;39m [2m[nio-9999-exec-8][0;39m [36mc.ssafy.vue.controller.MemberController [0;39m [2m:[0;39m modifyMember - 호출
[2m2022-05-21 02:46:50.747[0;39m [32mDEBUG[0;39m [35m14408[0;39m [2m---[0;39m [2m[nio-9999-exec-1][0;39m [36mc.ssafy.vue.controller.MemberController [0;39m [2m:[0;39m getById- 호출
[2m2022-05-21 02:46:59.209[0;39m [32mDEBUG[0;39m [35m14408[0;39m [2m---[0;39m [2m[nio-9999-exec-2][0;39m [36mc.ssafy.vue.controller.MemberController [0;39m [2m:[0;39m getById- 호출
[2m2022-05-21 02:47:03.091[0;39m [32mDEBUG[0;39m [35m14408[0;39m [2m---[0;39m [2m[nio-9999-exec-3][0;39m [36mc.ssafy.vue.controller.MemberController [0;39m [2m:[0;39m modifyMember - 호출
[2m2022-05-21 02:48:38.208[0;39m [32mDEBUG[0;39m [35m14408[0;39m [2m---[0;39m [2m[nio-9999-exec-5][0;39m [36mc.ssafy.vue.controller.MemberController [0;39m [2m:[0;39m modifyMember - 호출
[2m2022-05-21 02:48:58.028[0;39m [32mDEBUG[0;39m [35m14408[0;39m [2m---[0;39m [2m[nio-9999-exec-6][0;39m [36mc.ssafy.vue.controller.MemberController [0;39m [2m:[0;39m getById- 호출
[2m2022-05-21 02:49:03.415[0;39m [32mDEBUG[0;39m [35m14408[0;39m [2m---[0;39m [2m[nio-9999-exec-7][0;39m [36mc.ssafy.vue.controller.MemberController [0;39m [2m:[0;39m getById- 호출
[2m2022-05-21 02:49:06.525[0;39m [32mDEBUG[0;39m [35m14408[0;39m [2m---[0;39m [2m[nio-9999-exec-9][0;39m [36mc.ssafy.vue.controller.MemberController [0;39m [2m:[0;39m modifyMember - 호출
[2m2022-05-21 02:50:48.358[0;39m [32mDEBUG[0;39m [35m14408[0;39m [2m---[0;39m [2m[io-9999-exec-10][0;39m [36mc.ssafy.vue.controller.MemberController [0;39m [2m:[0;39m getById- 호출
[2m2022-05-21 02:50:57.754[0;39m [32mDEBUG[0;39m [35m14408[0;39m [2m---[0;39m [2m[nio-9999-exec-1][0;39m [36mc.ssafy.vue.controller.MemberController [0;39m [2m:[0;39m getById- 호출
[2m2022-05-21 02:51:01.257[0;39m [32mDEBUG[0;39m [35m14408[0;39m [2m---[0;39m [2m[nio-9999-exec-2][0;39m [36mc.ssafy.vue.controller.MemberController [0;39m [2m:[0;39m modifyMember - 호출
[2m2022-05-21 02:52:13.790[0;39m [32mDEBUG[0;39m [35m14408[0;39m [2m---[0;39m [2m[nio-9999-exec-4][0;39m [36mc.ssafy.vue.controller.MemberController [0;39m [2m:[0;39m getById- 호출
[2m2022-05-21 02:52:13.839[0;39m [32mDEBUG[0;39m [35m14408[0;39m [2m---[0;39m [2m[nio-9999-exec-5][0;39m [36mc.ssafy.vue.controller.MemberController [0;39m [2m:[0;39m getById- 호출
[2m2022-05-21 02:52:17.303[0;39m [32mDEBUG[0;39m [35m14408[0;39m [2m---[0;39m [2m[nio-9999-exec-6][0;39m [36mc.ssafy.vue.controller.MemberController [0;39m [2m:[0;39m getById- 호출
[2m2022-05-21 02:52:19.269[0;39m [32mDEBUG[0;39m [35m14408[0;39m [2m---[0;39m [2m[nio-9999-exec-7][0;39m [36mc.ssafy.vue.controller.MemberController [0;39m [2m:[0;39m getById- 호출
[2m2022-05-21 02:52:21.625[0;39m [32mDEBUG[0;39m [35m14408[0;39m [2m---[0;39m [2m[nio-9999-exec-9][0;39m [36mc.ssafy.vue.controller.MemberController [0;39m [2m:[0;39m getById- 호출
[2m2022-05-21 02:52:25.535[0;39m [32mDEBUG[0;39m [35m14408[0;39m [2m---[0;39m [2m[nio-9999-exec-8][0;39m [36mc.ssafy.vue.controller.MemberController [0;39m [2m:[0;39m modifyMember - 호출
[2m2022-05-21 02:53:46.101[0;39m [32mDEBUG[0;39m [35m14408[0;39m [2m---[0;39m [2m[nio-9999-exec-1][0;39m [36mc.ssafy.vue.controller.MemberController [0;39m [2m:[0;39m getById- 호출
[2m2022-05-21 02:53:49.314[0;39m [32mDEBUG[0;39m [35m14408[0;39m [2m---[0;39m [2m[nio-9999-exec-2][0;39m [36mc.ssafy.vue.controller.MemberController [0;39m [2m:[0;39m modifyMember - 호출
[2m2022-05-21 02:55:16.335[0;39m [32mDEBUG[0;39m [35m14408[0;39m [2m---[0;39m [2m[nio-9999-exec-4][0;39m [36mc.ssafy.vue.controller.MemberController [0;39m [2m:[0;39m getById- 호출
[2m2022-05-21 02:55:36.952[0;39m [32mDEBUG[0;39m [35m14408[0;39m [2m---[0;39m [2m[nio-9999-exec-5][0;39m [36mc.ssafy.vue.controller.MemberController [0;39m [2m:[0;39m getById- 호출
[2m2022-05-21 02:55:39.719[0;39m [32mDEBUG[0;39m [35m14408[0;39m [2m---[0;39m [2m[nio-9999-exec-6][0;39m [36mc.ssafy.vue.controller.MemberController [0;39m [2m:[0;39m modifyMember - 호출
[2m2022-05-21 02:58:13.897[0;39m [32mDEBUG[0;39m [35m14408[0;39m [2m---[0;39m [2m[nio-9999-exec-8][0;39m [36mc.ssafy.vue.controller.MemberController [0;39m [2m:[0;39m 로그인 토큰정보 : eyJ0eXAiOiJKV1QiLCJyZWdEYXRlIjoxNjUzMDY5NDkzODk2LCJhbGciOiJIUzI1NiJ9.eyJleHAiOjE2NTMwNzMwOTMsInN1YiI6ImFjY2Vzcy10b2tlbiIsInVzZXJpZCI6InNzYWZ5In0.FFSCUy8n0BPGeRdAabdZDeP8EIh2P-3h2DqnES-QcFE
[2m2022-05-21 02:58:13.915[0;39m [32m INFO[0;39m [35m14408[0;39m [2m---[0;39m [2m[io-9999-exec-10][0;39m [36mc.ssafy.vue.controller.MemberController [0;39m [2m:[0;39m 사용 가능한 토큰!!!
[2m2022-05-21 02:58:24.919[0;39m [32mDEBUG[0;39m [35m14408[0;39m [2m---[0;39m [2m[nio-9999-exec-1][0;39m [36mc.ssafy.vue.controller.MemberController [0;39m [2m:[0;39m getById- 호출
[2m2022-05-21 02:58:31.017[0;39m [32mDEBUG[0;39m [35m14408[0;39m [2m---[0;39m [2m[nio-9999-exec-2][0;39m [36mc.ssafy.vue.controller.MemberController [0;39m [2m:[0;39m modifyMember - 호출
[2m2022-05-21 03:00:22.427[0;39m [32mDEBUG[0;39m [35m14408[0;39m [2m---[0;39m [2m[nio-9999-exec-4][0;39m [36mc.ssafy.vue.controller.MemberController [0;39m [2m:[0;39m 로그인 토큰정보 : eyJ0eXAiOiJKV1QiLCJyZWdEYXRlIjoxNjUzMDY5NjIyNDI3LCJhbGciOiJIUzI1NiJ9.eyJleHAiOjE2NTMwNzMyMjIsInN1YiI6ImFjY2Vzcy10b2tlbiIsInVzZXJpZCI6InNzYWZ5In0.WYnMy2QTlfr7z4ZftENUyHMLQFp3LG3_8XSmM_Ls-DA
[2m2022-05-21 03:00:22.439[0;39m [32m INFO[0;39m [35m14408[0;39m [2m---[0;39m [2m[nio-9999-exec-5][0;39m [36mc.ssafy.vue.controller.MemberController [0;39m [2m:[0;39m 사용 가능한 토큰!!!
[2m2022-05-21 03:00:24.846[0;39m [32mDEBUG[0;39m [35m14408[0;39m [2m---[0;39m [2m[nio-9999-exec-6][0;39m [36mc.ssafy.vue.controller.MemberController [0;39m [2m:[0;39m getById- 호출
[2m2022-05-21 03:00:28.363[0;39m [32mDEBUG[0;39m [35m14408[0;39m [2m---[0;39m [2m[nio-9999-exec-7][0;39m [36mc.ssafy.vue.controller.MemberController [0;39m [2m:[0;39m modifyMember - 호출
[2m2022-05-21 03:02:36.535[0;39m [32mDEBUG[0;39m [35m14408[0;39m [2m---[0;39m [2m[nio-9999-exec-8][0;39m [36mc.ssafy.vue.controller.MemberController [0;39m [2m:[0;39m 로그인 토큰정보 : eyJ0eXAiOiJKV1QiLCJyZWdEYXRlIjoxNjUzMDY5NzU2NTM1LCJhbGciOiJIUzI1NiJ9.eyJleHAiOjE2NTMwNzMzNTYsInN1YiI6ImFjY2Vzcy10b2tlbiIsInVzZXJpZCI6InNzYWZ5In0.ccIjy5Nxoqh0cyJtl8iJz77FyKUs8Xgb5zAKwp7qmsU
[2m2022-05-21 03:02:36.551[0;39m [32m INFO[0;39m [35m14408[0;39m [2m---[0;39m [2m[io-9999-exec-10][0;39m [36mc.ssafy.vue.controller.MemberController [0;39m [2m:[0;39m 사용 가능한 토큰!!!
[2m2022-05-21 03:02:39.688[0;39m [32mDEBUG[0;39m [35m14408[0;39m [2m---[0;39m [2m[nio-9999-exec-1][0;39m [36mc.ssafy.vue.controller.MemberController [0;39m [2m:[0;39m getById- 호출
[2m2022-05-21 03:02:44.571[0;39m [32mDEBUG[0;39m [35m14408[0;39m [2m---[0;39m [2m[nio-9999-exec-2][0;39m [36mc.ssafy.vue.controller.MemberController [0;39m [2m:[0;39m modifyMember - 호출
[2m2022-05-21 03:04:52.145[0;39m [32mDEBUG[0;39m [35m14408[0;39m [2m---[0;39m [2m[nio-9999-exec-4][0;39m [36mc.ssafy.vue.controller.QboardController [0;39m [2m:[0;39m retrieveQboard - 호출
[2m2022-05-21 03:05:08.029[0;39m [32mDEBUG[0;39m [35m14408[0;39m [2m---[0;39m [2m[nio-9999-exec-5][0;39m [36mc.ssafy.vue.controller.MemberController [0;39m [2m:[0;39m 로그인 토큰정보 : eyJ0eXAiOiJKV1QiLCJyZWdEYXRlIjoxNjUzMDY5OTA4MDI5LCJhbGciOiJIUzI1NiJ9.eyJleHAiOjE2NTMwNzM1MDgsInN1YiI6ImFjY2Vzcy10b2tlbiIsInVzZXJpZCI6InNzYWZ5MSJ9.BAM_alBsTjYKd92zNt480QLK1FXIgQQhHCBnm8mv7UM
[2m2022-05-21 03:05:08.044[0;39m [32m INFO[0;39m [35m14408[0;39m [2m---[0;39m [2m[nio-9999-exec-7][0;39m [36mc.ssafy.vue.controller.MemberController [0;39m [2m:[0;39m 사용 가능한 토큰!!!
[2m2022-05-21 03:05:09.789[0;39m [32mDEBUG[0;39m [35m14408[0;39m [2m---[0;39m [2m[nio-9999-exec-9][0;39m [36mc.ssafy.vue.controller.QboardController [0;39m [2m:[0;39m retrieveQboard - 호출
[2m2022-05-21 03:05:10.927[0;39m [32mDEBUG[0;39m [35m14408[0;39m [2m---[0;39m [2m[io-9999-exec-10][0;39m [36mc.ssafy.vue.controller.AboardController [0;39m [2m:[0;39m detailAboard - 호출
[2m2022-05-21 03:05:10.927[0;39m [32mDEBUG[0;39m [35m14408[0;39m [2m---[0;39m [2m[nio-9999-exec-8][0;39m [36mc.ssafy.vue.controller.QboardController [0;39m [2m:[0;39m detailQboard - 호출
[2m2022-05-21 03:05:13.686[0;39m [32mDEBUG[0;39m [35m14408[0;39m [2m---[0;39m [2m[nio-9999-exec-1][0;39m [36mc.ssafy.vue.controller.QboardController [0;39m [2m:[0;39m detailQboard - 호출
[2m2022-05-21 03:05:13.686[0;39m [32mDEBUG[0;39m [35m14408[0;39m [2m---[0;39m [2m[nio-9999-exec-2][0;39m [36mc.ssafy.vue.controller.AboardController [0;39m [2m:[0;39m detailAboard - 호출
[2m2022-05-21 03:05:15.382[0;39m [32mDEBUG[0;39m [35m14408[0;39m [2m---[0;39m [2m[nio-9999-exec-4][0;39m [36mc.ssafy.vue.controller.QboardController [0;39m [2m:[0;39m deleteQboard - 호출
[2m2022-05-21 03:05:15.412[0;39m [32mDEBUG[0;39m [35m14408[0;39m [2m---[0;39m [2m[nio-9999-exec-5][0;39m [36mc.ssafy.vue.controller.QboardController [0;39m [2m:[0;39m retrieveQboard - 호출
[2m2022-05-21 03:05:24.276[0;39m [32mDEBUG[0;39m [35m14408[0;39m [2m---[0;39m [2m[nio-9999-exec-6][0;39m [36mc.ssafy.vue.controller.BoardController  [0;39m [2m:[0;39m retrieveBoard - 호출
[2m2022-05-21 03:05:25.623[0;39m [32mDEBUG[0;39m [35m14408[0;39m [2m---[0;39m [2m[nio-9999-exec-7][0;39m [36mc.ssafy.vue.controller.BoardController  [0;39m [2m:[0;39m detailBoard - 호출
[2m2022-05-21 03:05:27.611[0;39m [32mDEBUG[0;39m [35m14408[0;39m [2m---[0;39m [2m[nio-9999-exec-8][0;39m [36mc.ssafy.vue.controller.BoardController  [0;39m [2m:[0;39m deleteBoard - 호출
[2m2022-05-21 03:05:27.633[0;39m [32mDEBUG[0;39m [35m14408[0;39m [2m---[0;39m [2m[io-9999-exec-10][0;39m [36mc.ssafy.vue.controller.BoardController  [0;39m [2m:[0;39m retrieveBoard - 호출
[2m2022-05-21 03:05:31.539[0;39m [32mDEBUG[0;39m [35m14408[0;39m [2m---[0;39m [2m[nio-9999-exec-1][0;39m [36mc.ssafy.vue.controller.QboardController [0;39m [2m:[0;39m retrieveQboard - 호출
[2m2022-05-21 03:05:32.218[0;39m [32mDEBUG[0;39m [35m14408[0;39m [2m---[0;39m [2m[nio-9999-exec-2][0;39m [36mc.ssafy.vue.controller.BoardController  [0;39m [2m:[0;39m retrieveBoard - 호출
[2m2022-05-21 03:05:33.040[0;39m [32mDEBUG[0;39m [35m14408[0;39m [2m---[0;39m [2m[nio-9999-exec-3][0;39m [36mc.ssafy.vue.controller.BoardController  [0;39m [2m:[0;39m detailBoard - 호출
[2m2022-05-21 03:05:34.459[0;39m [32mDEBUG[0;39m [35m14408[0;39m [2m---[0;39m [2m[nio-9999-exec-4][0;39m [36mc.ssafy.vue.controller.BoardController  [0;39m [2m:[0;39m retrieveBoard - 호출
[2m2022-05-21 03:05:35.213[0;39m [32mDEBUG[0;39m [35m14408[0;39m [2m---[0;39m [2m[nio-9999-exec-5][0;39m [36mc.ssafy.vue.controller.BoardController  [0;39m [2m:[0;39m detailBoard - 호출
[2m2022-05-21 03:05:36.155[0;39m [32mDEBUG[0;39m [35m14408[0;39m [2m---[0;39m [2m[nio-9999-exec-6][0;39m [36mc.ssafy.vue.controller.QboardController [0;39m [2m:[0;39m retrieveQboard - 호출
[2m2022-05-21 03:05:37.255[0;39m [32mDEBUG[0;39m [35m14408[0;39m [2m---[0;39m [2m[nio-9999-exec-7][0;39m [36mc.ssafy.vue.controller.BoardController  [0;39m [2m:[0;39m retrieveBoard - 호출
[2m2022-05-21 03:05:39.276[0;39m [32mDEBUG[0;39m [35m14408[0;39m [2m---[0;39m [2m[nio-9999-exec-9][0;39m [36mc.ssafy.vue.controller.QboardController [0;39m [2m:[0;39m retrieveQboard - 호출
[2m2022-05-21 03:05:40.400[0;39m [32mDEBUG[0;39m [35m14408[0;39m [2m---[0;39m [2m[nio-9999-exec-8][0;39m [36mc.ssafy.vue.controller.AboardController [0;39m [2m:[0;39m detailAboard - 호출
[2m2022-05-21 03:05:40.400[0;39m [32mDEBUG[0;39m [35m14408[0;39m [2m---[0;39m [2m[io-9999-exec-10][0;39m [36mc.ssafy.vue.controller.QboardController [0;39m [2m:[0;39m detailQboard - 호출
[2m2022-05-21 03:05:42.573[0;39m [32mDEBUG[0;39m [35m14408[0;39m [2m---[0;39m [2m[nio-9999-exec-1][0;39m [36mc.ssafy.vue.controller.BoardController  [0;39m [2m:[0;39m retrieveBoard - 호출
[2m2022-05-21 03:05:46.154[0;39m [32mDEBUG[0;39m [35m14408[0;39m [2m---[0;39m [2m[nio-9999-exec-2][0;39m [36mc.ssafy.vue.controller.BoardController  [0;39m [2m:[0;39m detailBoard - 호출
[2m2022-05-21 03:05:47.629[0;39m [32mDEBUG[0;39m [35m14408[0;39m [2m---[0;39m [2m[nio-9999-exec-3][0;39m [36mc.ssafy.vue.controller.BoardController  [0;39m [2m:[0;39m detailBoard - 호출
[2m2022-05-21 03:05:51.174[0;39m [32mDEBUG[0;39m [35m14408[0;39m [2m---[0;39m [2m[nio-9999-exec-4][0;39m [36mc.ssafy.vue.controller.BoardController  [0;39m [2m:[0;39m retrieveBoard - 호출
[2m2022-05-21 03:05:51.864[0;39m [32mDEBUG[0;39m [35m14408[0;39m [2m---[0;39m [2m[nio-9999-exec-5][0;39m [36mc.ssafy.vue.controller.QboardController [0;39m [2m:[0;39m detailQboard - 호출
[2m2022-05-21 03:05:51.864[0;39m [32mDEBUG[0;39m [35m14408[0;39m [2m---[0;39m [2m[nio-9999-exec-6][0;39m [36mc.ssafy.vue.controller.AboardController [0;39m [2m:[0;39m detailAboard - 호출
[2m2022-05-21 03:06:05.731[0;39m [32mDEBUG[0;39m [35m14408[0;39m [2m---[0;39m [2m[nio-9999-exec-7][0;39m [36mc.ssafy.vue.controller.BoardController  [0;39m [2m:[0;39m retrieveBoard - 호출
[2m2022-05-21 03:06:21.346[0;39m [32mDEBUG[0;39m [35m14408[0;39m [2m---[0;39m [2m[nio-9999-exec-9][0;39m [36mc.ssafy.vue.controller.QboardController [0;39m [2m:[0;39m retrieveQboard - 호출
[2m2022-05-21 03:06:53.401[0;39m [32mDEBUG[0;39m [35m14408[0;39m [2m---[0;39m [2m[io-9999-exec-10][0;39m [36mc.ssafy.vue.controller.QboardController [0;39m [2m:[0;39m retrieveQboard - 호출
[2m2022-05-21 03:06:54.107[0;39m [32mDEBUG[0;39m [35m14408[0;39m [2m---[0;39m [2m[nio-9999-exec-1][0;39m [36mc.ssafy.vue.controller.BoardController  [0;39m [2m:[0;39m retrieveBoard - 호출
[2m2022-05-21 03:07:00.647[0;39m [32mDEBUG[0;39m [35m14408[0;39m [2m---[0;39m [2m[nio-9999-exec-2][0;39m [36mc.ssafy.vue.controller.BoardController  [0;39m [2m:[0;39m detailBoard - 호출
[2m2022-05-21 03:07:02.335[0;39m [32mDEBUG[0;39m [35m14408[0;39m [2m---[0;39m [2m[nio-9999-exec-3][0;39m [36mc.ssafy.vue.controller.BoardController  [0;39m [2m:[0;39m retrieveBoard - 호출
[2m2022-05-21 03:12:41.858[0;39m [32mDEBUG[0;39m [35m14408[0;39m [2m---[0;39m [2m[nio-9999-exec-6][0;39m [36mc.ssafy.vue.controller.BoardController  [0;39m [2m:[0;39m detailBoard - 호출
[2m2022-05-21 03:14:55.478[0;39m [32mDEBUG[0;39m [35m14408[0;39m [2m---[0;39m [2m[nio-9999-exec-7][0;39m [36mc.ssafy.vue.controller.BoardController  [0;39m [2m:[0;39m detailBoard - 호출
[2m2022-05-21 03:15:49.550[0;39m [32mDEBUG[0;39m [35m14408[0;39m [2m---[0;39m [2m[nio-9999-exec-9][0;39m [36mc.ssafy.vue.controller.BoardController  [0;39m [2m:[0;39m detailBoard - 호출
[2m2022-05-21 03:15:50.702[0;39m [32mDEBUG[0;39m [35m14408[0;39m [2m---[0;39m [2m[nio-9999-exec-8][0;39m [36mc.ssafy.vue.controller.BoardController  [0;39m [2m:[0;39m detailBoard - 호출
[2m2022-05-21 03:18:05.356[0;39m [32mDEBUG[0;39m [35m14408[0;39m [2m---[0;39m [2m[nio-9999-exec-1][0;39m [36mc.ssafy.vue.controller.BoardController  [0;39m [2m:[0;39m detailBoard - 호출
[2m2022-05-21 03:18:32.386[0;39m [32mDEBUG[0;39m [35m14408[0;39m [2m---[0;39m [2m[nio-9999-exec-2][0;39m [36mc.ssafy.vue.controller.BoardController  [0;39m [2m:[0;39m detailBoard - 호출
[2m2022-05-21 03:19:08.587[0;39m [32mDEBUG[0;39m [35m14408[0;39m [2m---[0;39m [2m[nio-9999-exec-3][0;39m [36mc.ssafy.vue.controller.BoardController  [0;39m [2m:[0;39m detailBoard - 호출
[2m2022-05-21 03:19:57.670[0;39m [32mDEBUG[0;39m [35m14408[0;39m [2m---[0;39m [2m[nio-9999-exec-4][0;39m [36mc.ssafy.vue.controller.BoardController  [0;39m [2m:[0;39m detailBoard - 호출
[2m2022-05-21 03:20:04.625[0;39m [32mDEBUG[0;39m [35m14408[0;39m [2m---[0;39m [2m[nio-9999-exec-6][0;39m [36mc.ssafy.vue.controller.BoardController  [0;39m [2m:[0;39m detailBoard - 호출
[2m2022-05-21 03:20:08.728[0;39m [32mDEBUG[0;39m [35m14408[0;39m [2m---[0;39m [2m[nio-9999-exec-5][0;39m [36mc.ssafy.vue.controller.BoardController  [0;39m [2m:[0;39m retrieveBoard - 호출
[2m2022-05-21 03:20:13.195[0;39m [32mDEBUG[0;39m [35m14408[0;39m [2m---[0;39m [2m[nio-9999-exec-7][0;39m [36mc.ssafy.vue.controller.BoardController  [0;39m [2m:[0;39m detailBoard - 호출
[2m2022-05-21 03:20:16.246[0;39m [32mDEBUG[0;39m [35m14408[0;39m [2m---[0;39m [2m[nio-9999-exec-9][0;39m [36mc.ssafy.vue.controller.BoardController  [0;39m [2m:[0;39m detailBoard - 호출
[2m2022-05-21 03:20:17.894[0;39m [32mDEBUG[0;39m [35m14408[0;39m [2m---[0;39m [2m[nio-9999-exec-8][0;39m [36mc.ssafy.vue.controller.BoardController  [0;39m [2m:[0;39m retrieveBoard - 호출
[2m2022-05-21 03:21:48.149[0;39m [32mDEBUG[0;39m [35m14408[0;39m [2m---[0;39m [2m[nio-9999-exec-1][0;39m [36mc.ssafy.vue.controller.BoardController  [0;39m [2m:[0;39m retrieveBoard - 호출
[2m2022-05-21 03:21:49.185[0;39m [32mDEBUG[0;39m [35m14408[0;39m [2m---[0;39m [2m[nio-9999-exec-2][0;39m [36mc.ssafy.vue.controller.BoardController  [0;39m [2m:[0;39m detailBoard - 호출
[2m2022-05-21 03:21:55.363[0;39m [32mDEBUG[0;39m [35m14408[0;39m [2m---[0;39m [2m[nio-9999-exec-3][0;39m [36mc.ssafy.vue.controller.BoardController  [0;39m [2m:[0;39m retrieveBoard - 호출
[2m2022-05-21 03:22:03.943[0;39m [32mDEBUG[0;39m [35m14408[0;39m [2m---[0;39m [2m[nio-9999-exec-4][0;39m [36mc.ssafy.vue.controller.BoardController  [0;39m [2m:[0;39m retrieveBoard - 호출
[2m2022-05-21 03:22:04.870[0;39m [32mDEBUG[0;39m [35m14408[0;39m [2m---[0;39m [2m[nio-9999-exec-6][0;39m [36mc.ssafy.vue.controller.BoardController  [0;39m [2m:[0;39m detailBoard - 호출
[2m2022-05-21 03:22:07.840[0;39m [32mDEBUG[0;39m [35m14408[0;39m [2m---[0;39m [2m[nio-9999-exec-5][0;39m [36mc.ssafy.vue.controller.BoardController  [0;39m [2m:[0;39m retrieveBoard - 호출
[2m2022-05-21 03:22:18.354[0;39m [32mDEBUG[0;39m [35m14408[0;39m [2m---[0;39m [2m[nio-9999-exec-9][0;39m [36mc.ssafy.vue.controller.MemberController [0;39m [2m:[0;39m 로그인 토큰정보 : eyJ0eXAiOiJKV1QiLCJyZWdEYXRlIjoxNjUzMDcwOTM4MzU0LCJhbGciOiJIUzI1NiJ9.eyJleHAiOjE2NTMwNzQ1MzgsInN1YiI6ImFjY2Vzcy10b2tlbiIsInVzZXJpZCI6InNzYWZ5In0.bgn3vKYOXshnvC64jHGbzbMsZPLD4QhQb4mnL_4KyEo
[2m2022-05-21 03:22:18.362[0;39m [32m INFO[0;39m [35m14408[0;39m [2m---[0;39m [2m[nio-9999-exec-8][0;39m [36mc.ssafy.vue.controller.MemberController [0;39m [2m:[0;39m 사용 가능한 토큰!!!
[2m2022-05-21 03:22:21.161[0;39m [32mDEBUG[0;39m [35m14408[0;39m [2m---[0;39m [2m[io-9999-exec-10][0;39m [36mc.ssafy.vue.controller.BoardController  [0;39m [2m:[0;39m retrieveBoard - 호출
[2m2022-05-21 03:22:22.204[0;39m [32mDEBUG[0;39m [35m14408[0;39m [2m---[0;39m [2m[nio-9999-exec-1][0;39m [36mc.ssafy.vue.controller.BoardController  [0;39m [2m:[0;39m detailBoard - 호출
[2m2022-05-21 03:22:24.831[0;39m [32mDEBUG[0;39m [35m14408[0;39m [2m---[0;39m [2m[nio-9999-exec-2][0;39m [36mc.ssafy.vue.controller.BoardController  [0;39m [2m:[0;39m retrieveBoard - 호출
[2m2022-05-21 03:22:31.622[0;39m [32mDEBUG[0;39m [35m14408[0;39m [2m---[0;39m [2m[nio-9999-exec-3][0;39m [36mc.ssafy.vue.controller.QboardController [0;39m [2m:[0;39m retrieveQboard - 호출
[2m2022-05-21 03:22:32.698[0;39m [32mDEBUG[0;39m [35m14408[0;39m [2m---[0;39m [2m[nio-9999-exec-4][0;39m [36mc.ssafy.vue.controller.QboardController [0;39m [2m:[0;39m detailQboard - 호출
[2m2022-05-21 03:22:32.699[0;39m [32mDEBUG[0;39m [35m14408[0;39m [2m---[0;39m [2m[nio-9999-exec-6][0;39m [36mc.ssafy.vue.controller.AboardController [0;39m [2m:[0;39m detailAboard - 호출
[2m2022-05-21 03:22:37.669[0;39m [32mDEBUG[0;39m [35m14408[0;39m [2m---[0;39m [2m[nio-9999-exec-5][0;39m [36mc.ssafy.vue.controller.BoardController  [0;39m [2m:[0;39m retrieveBoard - 호출
[2m2022-05-21 03:22:38.535[0;39m [32mDEBUG[0;39m [35m14408[0;39m [2m---[0;39m [2m[nio-9999-exec-7][0;39m [36mc.ssafy.vue.controller.BoardController  [0;39m [2m:[0;39m detailBoard - 호출
[2m2022-05-21 03:22:39.420[0;39m [32mDEBUG[0;39m [35m14408[0;39m [2m---[0;39m [2m[nio-9999-exec-9][0;39m [36mc.ssafy.vue.controller.QboardController [0;39m [2m:[0;39m retrieveQboard - 호출
[2m2022-05-21 03:22:40.318[0;39m [32mDEBUG[0;39m [35m14408[0;39m [2m---[0;39m [2m[nio-9999-exec-8][0;39m [36mc.ssafy.vue.controller.QboardController [0;39m [2m:[0;39m detailQboard - 호출
[2m2022-05-21 03:22:40.318[0;39m [32mDEBUG[0;39m [35m14408[0;39m [2m---[0;39m [2m[io-9999-exec-10][0;39m [36mc.ssafy.vue.controller.AboardController [0;39m [2m:[0;39m detailAboard - 호출
[2m2022-05-21 03:23:46.809[0;39m [32mDEBUG[0;39m [35m14408[0;39m [2m---[0;39m [2m[nio-9999-exec-3][0;39m [36mc.ssafy.vue.controller.QboardController [0;39m [2m:[0;39m detailQboard - 호출
[2m2022-05-21 03:23:46.812[0;39m [32mDEBUG[0;39m [35m14408[0;39m [2m---[0;39m [2m[nio-9999-exec-4][0;39m [36mc.ssafy.vue.controller.AboardController [0;39m [2m:[0;39m detailAboard - 호출
[2m2022-05-21 03:24:12.110[0;39m [32mDEBUG[0;39m [35m14408[0;39m [2m---[0;39m [2m[nio-9999-exec-6][0;39m [36mc.ssafy.vue.controller.QboardController [0;39m [2m:[0;39m detailQboard - 호출
[2m2022-05-21 03:24:12.116[0;39m [32mDEBUG[0;39m [35m14408[0;39m [2m---[0;39m [2m[nio-9999-exec-5][0;39m [36mc.ssafy.vue.controller.AboardController [0;39m [2m:[0;39m detailAboard - 호출
[2m2022-05-21 03:30:29.792[0;39m [32mDEBUG[0;39m [35m14408[0;39m [2m---[0;39m [2m[nio-9999-exec-9][0;39m [36mc.ssafy.vue.controller.QboardController [0;39m [2m:[0;39m detailQboard - 호출
[2m2022-05-21 03:30:29.800[0;39m [32mDEBUG[0;39m [35m14408[0;39m [2m---[0;39m [2m[nio-9999-exec-8][0;39m [36mc.ssafy.vue.controller.AboardController [0;39m [2m:[0;39m detailAboard - 호출
[2m2022-05-21 03:30:53.859[0;39m [32mDEBUG[0;39m [35m14408[0;39m [2m---[0;39m [2m[io-9999-exec-10][0;39m [36mc.ssafy.vue.controller.BoardController  [0;39m [2m:[0;39m retrieveBoard - 호출
[2m2022-05-21 03:30:56.917[0;39m [32mDEBUG[0;39m [35m14408[0;39m [2m---[0;39m [2m[nio-9999-exec-1][0;39m [36mc.ssafy.vue.controller.BoardController  [0;39m [2m:[0;39m retrieveBoard - 호출
[2m2022-05-21 03:30:58.255[0;39m [32mDEBUG[0;39m [35m14408[0;39m [2m---[0;39m [2m[nio-9999-exec-2][0;39m [36mc.ssafy.vue.controller.BoardController  [0;39m [2m:[0;39m detailBoard - 호출
[2m2022-05-21 03:31:00.727[0;39m [32mDEBUG[0;39m [35m14408[0;39m [2m---[0;39m [2m[nio-9999-exec-3][0;39m [36mc.ssafy.vue.controller.BoardController  [0;39m [2m:[0;39m retrieveBoard - 호출
[2m2022-05-21 03:31:02.468[0;39m [32mDEBUG[0;39m [35m14408[0;39m [2m---[0;39m [2m[nio-9999-exec-4][0;39m [36mc.ssafy.vue.controller.BoardController  [0;39m [2m:[0;39m detailBoard - 호출
[2m2022-05-21 03:31:03.872[0;39m [32mDEBUG[0;39m [35m14408[0;39m [2m---[0;39m [2m[nio-9999-exec-6][0;39m [36mc.ssafy.vue.controller.BoardController  [0;39m [2m:[0;39m retrieveBoard - 호출
[2m2022-05-21 03:31:06.581[0;39m [32mDEBUG[0;39m [35m14408[0;39m [2m---[0;39m [2m[nio-9999-exec-5][0;39m [36mc.ssafy.vue.controller.QboardController [0;39m [2m:[0;39m retrieveQboard - 호출
[2m2022-05-21 03:31:08.509[0;39m [32mDEBUG[0;39m [35m14408[0;39m [2m---[0;39m [2m[nio-9999-exec-7][0;39m [36mc.ssafy.vue.controller.QboardController [0;39m [2m:[0;39m detailQboard - 호출
[2m2022-05-21 03:31:08.513[0;39m [32mDEBUG[0;39m [35m14408[0;39m [2m---[0;39m [2m[nio-9999-exec-9][0;39m [36mc.ssafy.vue.controller.AboardController [0;39m [2m:[0;39m detailAboard - 호출
[2m2022-05-21 03:31:14.912[0;39m [32mDEBUG[0;39m [35m14408[0;39m [2m---[0;39m [2m[nio-9999-exec-8][0;39m [36mc.ssafy.vue.controller.QboardController [0;39m [2m:[0;39m retrieveQboard - 호출
[2m2022-05-21 03:31:15.996[0;39m [32mDEBUG[0;39m [35m14408[0;39m [2m---[0;39m [2m[io-9999-exec-10][0;39m [36mc.ssafy.vue.controller.QboardController [0;39m [2m:[0;39m detailQboard - 호출
[2m2022-05-21 03:31:15.999[0;39m [32mDEBUG[0;39m [35m14408[0;39m [2m---[0;39m [2m[nio-9999-exec-1][0;39m [36mc.ssafy.vue.controller.AboardController [0;39m [2m:[0;39m detailAboard - 호출
[2m2022-05-21 03:31:27.601[0;39m [32mDEBUG[0;39m [35m14408[0;39m [2m---[0;39m [2m[nio-9999-exec-2][0;39m [36mc.ssafy.vue.controller.QboardController [0;39m [2m:[0;39m retrieveQboard - 호출
[2m2022-05-21 03:31:28.244[0;39m [32mDEBUG[0;39m [35m14408[0;39m [2m---[0;39m [2m[nio-9999-exec-3][0;39m [36mc.ssafy.vue.controller.QboardController [0;39m [2m:[0;39m detailQboard - 호출
[2m2022-05-21 03:31:28.247[0;39m [32mDEBUG[0;39m [35m14408[0;39m [2m---[0;39m [2m[nio-9999-exec-4][0;39m [36mc.ssafy.vue.controller.AboardController [0;39m [2m:[0;39m detailAboard - 호출
[2m2022-05-21 03:32:07.650[0;39m [32mDEBUG[0;39m [35m14408[0;39m [2m---[0;39m [2m[nio-9999-exec-6][0;39m [36mc.ssafy.vue.controller.QboardController [0;39m [2m:[0;39m detailQboard - 호출
[2m2022-05-21 03:32:07.654[0;39m [32mDEBUG[0;39m [35m14408[0;39m [2m---[0;39m [2m[nio-9999-exec-5][0;39m [36mc.ssafy.vue.controller.AboardController [0;39m [2m:[0;39m detailAboard - 호출
[2m2022-05-21 03:32:10.592[0;39m [32mDEBUG[0;39m [35m14408[0;39m [2m---[0;39m [2m[nio-9999-exec-7][0;39m [36mc.ssafy.vue.controller.QboardController [0;39m [2m:[0;39m retrieveQboard - 호출
[2m2022-05-21 03:32:11.513[0;39m [32mDEBUG[0;39m [35m14408[0;39m [2m---[0;39m [2m[nio-9999-exec-9][0;39m [36mc.ssafy.vue.controller.QboardController [0;39m [2m:[0;39m detailQboard - 호출
[2m2022-05-21 03:32:11.513[0;39m [32mDEBUG[0;39m [35m14408[0;39m [2m---[0;39m [2m[nio-9999-exec-8][0;39m [36mc.ssafy.vue.controller.AboardController [0;39m [2m:[0;39m detailAboard - 호출
[2m2022-05-21 03:32:13.910[0;39m [32mDEBUG[0;39m [35m14408[0;39m [2m---[0;39m [2m[io-9999-exec-10][0;39m [36mc.ssafy.vue.controller.QboardController [0;39m [2m:[0;39m retrieveQboard - 호출
[2m2022-05-21 03:32:15.674[0;39m [32mDEBUG[0;39m [35m14408[0;39m [2m---[0;39m [2m[nio-9999-exec-1][0;39m [36mc.ssafy.vue.controller.QboardController [0;39m [2m:[0;39m detailQboard - 호출
[2m2022-05-21 03:32:15.674[0;39m [32mDEBUG[0;39m [35m14408[0;39m [2m---[0;39m [2m[nio-9999-exec-2][0;39m [36mc.ssafy.vue.controller.AboardController [0;39m [2m:[0;39m detailAboard - 호출
[2m2022-05-21 03:32:16.938[0;39m [32mDEBUG[0;39m [35m14408[0;39m [2m---[0;39m [2m[nio-9999-exec-3][0;39m [36mc.ssafy.vue.controller.QboardController [0;39m [2m:[0;39m retrieveQboard - 호출
[2m2022-05-21 03:32:18.061[0;39m [32mDEBUG[0;39m [35m14408[0;39m [2m---[0;39m [2m[nio-9999-exec-4][0;39m [36mc.ssafy.vue.controller.QboardController [0;39m [2m:[0;39m detailQboard - 호출
[2m2022-05-21 03:32:18.062[0;39m [32mDEBUG[0;39m [35m14408[0;39m [2m---[0;39m [2m[nio-9999-exec-6][0;39m [36mc.ssafy.vue.controller.AboardController [0;39m [2m:[0;39m detailAboard - 호출
[2m2022-05-21 03:32:22.102[0;39m [32mDEBUG[0;39m [35m14408[0;39m [2m---[0;39m [2m[nio-9999-exec-7][0;39m [36mc.ssafy.vue.controller.AboardController [0;39m [2m:[0;39m writeAboard - 호출
[2m2022-05-21 03:32:23.132[0;39m [32mDEBUG[0;39m [35m14408[0;39m [2m---[0;39m [2m[nio-9999-exec-9][0;39m [36mc.ssafy.vue.controller.QboardController [0;39m [2m:[0;39m detailQboard - 호출
[2m2022-05-21 03:32:23.132[0;39m [32mDEBUG[0;39m [35m14408[0;39m [2m---[0;39m [2m[nio-9999-exec-8][0;39m [36mc.ssafy.vue.controller.AboardController [0;39m [2m:[0;39m detailAboard - 호출
[2m2022-05-21 03:32:36.312[0;39m [32mDEBUG[0;39m [35m14408[0;39m [2m---[0;39m [2m[io-9999-exec-10][0;39m [36mc.ssafy.vue.controller.QboardController [0;39m [2m:[0;39m detailQboard - 호출
[2m2022-05-21 03:32:36.320[0;39m [32mDEBUG[0;39m [35m14408[0;39m [2m---[0;39m [2m[nio-9999-exec-1][0;39m [36mc.ssafy.vue.controller.AboardController [0;39m [2m:[0;39m detailAboard - 호출
[2m2022-05-21 03:32:41.733[0;39m [32mDEBUG[0;39m [35m14408[0;39m [2m---[0;39m [2m[nio-9999-exec-3][0;39m [36mc.ssafy.vue.controller.MemberController [0;39m [2m:[0;39m 로그인 토큰정보 : eyJ0eXAiOiJKV1QiLCJyZWdEYXRlIjoxNjUzMDcxNTYxNzMzLCJhbGciOiJIUzI1NiJ9.eyJleHAiOjE2NTMwNzUxNjEsInN1YiI6ImFjY2Vzcy10b2tlbiIsInVzZXJpZCI6InNzYWZ5In0.cOv7J2LOc0VvgJ7mhFFK6JcRSaVC6YkxGu1UOAE5Nj0
[2m2022-05-21 03:32:41.749[0;39m [32m INFO[0;39m [35m14408[0;39m [2m---[0;39m [2m[nio-9999-exec-6][0;39m [36mc.ssafy.vue.controller.MemberController [0;39m [2m:[0;39m 사용 가능한 토큰!!!
[2m2022-05-21 03:32:43.548[0;39m [32mDEBUG[0;39m [35m14408[0;39m [2m---[0;39m [2m[nio-9999-exec-5][0;39m [36mc.ssafy.vue.controller.QboardController [0;39m [2m:[0;39m retrieveQboard - 호출
[2m2022-05-21 03:32:44.591[0;39m [32mDEBUG[0;39m [35m14408[0;39m [2m---[0;39m [2m[nio-9999-exec-7][0;39m [36mc.ssafy.vue.controller.QboardController [0;39m [2m:[0;39m detailQboard - 호출
[2m2022-05-21 03:32:44.593[0;39m [32mDEBUG[0;39m [35m14408[0;39m [2m---[0;39m [2m[nio-9999-exec-9][0;39m [36mc.ssafy.vue.controller.AboardController [0;39m [2m:[0;39m detailAboard - 호출
[2m2022-05-21 03:32:45.927[0;39m [32mDEBUG[0;39m [35m14408[0;39m [2m---[0;39m [2m[nio-9999-exec-8][0;39m [36mc.ssafy.vue.controller.QboardController [0;39m [2m:[0;39m retrieveQboard - 호출
[2m2022-05-21 03:32:46.615[0;39m [32mDEBUG[0;39m [35m14408[0;39m [2m---[0;39m [2m[io-9999-exec-10][0;39m [36mc.ssafy.vue.controller.QboardController [0;39m [2m:[0;39m detailQboard - 호출
[2m2022-05-21 03:32:46.615[0;39m [32mDEBUG[0;39m [35m14408[0;39m [2m---[0;39m [2m[nio-9999-exec-1][0;39m [36mc.ssafy.vue.controller.AboardController [0;39m [2m:[0;39m detailAboard - 호출
[2m2022-05-21 03:32:50.904[0;39m [32mDEBUG[0;39m [35m14408[0;39m [2m---[0;39m [2m[nio-9999-exec-2][0;39m [36mc.ssafy.vue.controller.AboardController [0;39m [2m:[0;39m writeAboard - 호출
[2m2022-05-21 03:32:52.039[0;39m [32mDEBUG[0;39m [35m14408[0;39m [2m---[0;39m [2m[nio-9999-exec-3][0;39m [36mc.ssafy.vue.controller.QboardController [0;39m [2m:[0;39m detailQboard - 호출
[2m2022-05-21 03:32:52.040[0;39m [32mDEBUG[0;39m [35m14408[0;39m [2m---[0;39m [2m[nio-9999-exec-4][0;39m [36mc.ssafy.vue.controller.AboardController [0;39m [2m:[0;39m detailAboard - 호출
[2m2022-05-21 03:35:04.137[0;39m [32mDEBUG[0;39m [35m14408[0;39m [2m---[0;39m [2m[nio-9999-exec-7][0;39m [36mc.ssafy.vue.controller.AboardController [0;39m [2m:[0;39m detailAboard - 호출
[2m2022-05-21 03:35:09.756[0;39m [32mDEBUG[0;39m [35m14408[0;39m [2m---[0;39m [2m[nio-9999-exec-9][0;39m [36mc.ssafy.vue.controller.QboardController [0;39m [2m:[0;39m detailQboard - 호출
[2m2022-05-21 03:35:09.762[0;39m [32mDEBUG[0;39m [35m14408[0;39m [2m---[0;39m [2m[nio-9999-exec-8][0;39m [36mc.ssafy.vue.controller.AboardController [0;39m [2m:[0;39m detailAboard - 호출
[2m2022-05-21 03:35:14.268[0;39m [32mDEBUG[0;39m [35m14408[0;39m [2m---[0;39m [2m[io-9999-exec-10][0;39m [36mc.ssafy.vue.controller.QboardController [0;39m [2m:[0;39m detailQboard - 호출
[2m2022-05-21 03:35:14.277[0;39m [32mDEBUG[0;39m [35m14408[0;39m [2m---[0;39m [2m[nio-9999-exec-1][0;39m [36mc.ssafy.vue.controller.AboardController [0;39m [2m:[0;39m detailAboard - 호출
[2m2022-05-21 03:35:19.410[0;39m [32mDEBUG[0;39m [35m14408[0;39m [2m---[0;39m [2m[nio-9999-exec-2][0;39m [36mc.ssafy.vue.controller.QboardController [0;39m [2m:[0;39m detailQboard - 호출
[2m2022-05-21 03:35:19.411[0;39m [32mDEBUG[0;39m [35m14408[0;39m [2m---[0;39m [2m[nio-9999-exec-3][0;39m [36mc.ssafy.vue.controller.AboardController [0;39m [2m:[0;39m detailAboard - 호출
[2m2022-05-21 03:35:21.091[0;39m [32mDEBUG[0;39m [35m14408[0;39m [2m---[0;39m [2m[nio-9999-exec-4][0;39m [36mc.ssafy.vue.controller.QboardController [0;39m [2m:[0;39m detailQboard - 호출
[2m2022-05-21 03:35:21.097[0;39m [32mDEBUG[0;39m [35m14408[0;39m [2m---[0;39m [2m[nio-9999-exec-6][0;39m [36mc.ssafy.vue.controller.AboardController [0;39m [2m:[0;39m detailAboard - 호출
[2m2022-05-21 03:35:23.235[0;39m [32mDEBUG[0;39m [35m14408[0;39m [2m---[0;39m [2m[nio-9999-exec-5][0;39m [36mc.ssafy.vue.controller.QboardController [0;39m [2m:[0;39m detailQboard - 호출
[2m2022-05-21 03:35:23.242[0;39m [32mDEBUG[0;39m [35m14408[0;39m [2m---[0;39m [2m[nio-9999-exec-7][0;39m [36mc.ssafy.vue.controller.AboardController [0;39m [2m:[0;39m detailAboard - 호출
[2m2022-05-21 03:35:24.765[0;39m [32mDEBUG[0;39m [35m14408[0;39m [2m---[0;39m [2m[nio-9999-exec-9][0;39m [36mc.ssafy.vue.controller.QboardController [0;39m [2m:[0;39m detailQboard - 호출
[2m2022-05-21 03:35:24.772[0;39m [32mDEBUG[0;39m [35m14408[0;39m [2m---[0;39m [2m[nio-9999-exec-8][0;39m [36mc.ssafy.vue.controller.AboardController [0;39m [2m:[0;39m detailAboard - 호출
[2m2022-05-21 03:37:04.020[0;39m [32mDEBUG[0;39m [35m14408[0;39m [2m---[0;39m [2m[nio-9999-exec-2][0;39m [36mc.ssafy.vue.controller.QboardController [0;39m [2m:[0;39m detailQboard - 호출
[2m2022-05-21 03:37:04.027[0;39m [32mDEBUG[0;39m [35m14408[0;39m [2m---[0;39m [2m[nio-9999-exec-3][0;39m [36mc.ssafy.vue.controller.AboardController [0;39m [2m:[0;39m detailAboard - 호출
[2m2022-05-21 03:37:08.806[0;39m [32mDEBUG[0;39m [35m14408[0;39m [2m---[0;39m [2m[nio-9999-exec-4][0;39m [36mc.ssafy.vue.controller.QboardController [0;39m [2m:[0;39m detailQboard - 호출
[2m2022-05-21 03:37:08.813[0;39m [32mDEBUG[0;39m [35m14408[0;39m [2m---[0;39m [2m[nio-9999-exec-6][0;39m [36mc.ssafy.vue.controller.AboardController [0;39m [2m:[0;39m detailAboard - 호출
[2m2022-05-21 03:38:47.388[0;39m [32mDEBUG[0;39m [35m14408[0;39m [2m---[0;39m [2m[nio-9999-exec-7][0;39m [36mc.ssafy.vue.controller.QboardController [0;39m [2m:[0;39m detailQboard - 호출
[2m2022-05-21 03:38:47.397[0;39m [32mDEBUG[0;39m [35m14408[0;39m [2m---[0;39m [2m[nio-9999-exec-9][0;39m [36mc.ssafy.vue.controller.AboardController [0;39m [2m:[0;39m detailAboard - 호출
[2m2022-05-21 03:38:50.460[0;39m [32mDEBUG[0;39m [35m14408[0;39m [2m---[0;39m [2m[nio-9999-exec-8][0;39m [36mc.ssafy.vue.controller.QboardController [0;39m [2m:[0;39m retrieveQboard - 호출
[2m2022-05-21 03:38:51.345[0;39m [32mDEBUG[0;39m [35m14408[0;39m [2m---[0;39m [2m[io-9999-exec-10][0;39m [36mc.ssafy.vue.controller.QboardController [0;39m [2m:[0;39m detailQboard - 호출
[2m2022-05-21 03:38:51.348[0;39m [32mDEBUG[0;39m [35m14408[0;39m [2m---[0;39m [2m[nio-9999-exec-1][0;39m [36mc.ssafy.vue.controller.AboardController [0;39m [2m:[0;39m detailAboard - 호출
[2m2022-05-21 03:38:53.580[0;39m [32mDEBUG[0;39m [35m14408[0;39m [2m---[0;39m [2m[nio-9999-exec-2][0;39m [36mc.ssafy.vue.controller.QboardController [0;39m [2m:[0;39m retrieveQboard - 호출
[2m2022-05-21 03:38:54.364[0;39m [32mDEBUG[0;39m [35m14408[0;39m [2m---[0;39m [2m[nio-9999-exec-4][0;39m [36mc.ssafy.vue.controller.AboardController [0;39m [2m:[0;39m detailAboard - 호출
[2m2022-05-21 03:38:54.364[0;39m [32mDEBUG[0;39m [35m14408[0;39m [2m---[0;39m [2m[nio-9999-exec-3][0;39m [36mc.ssafy.vue.controller.QboardController [0;39m [2m:[0;39m detailQboard - 호출
[2m2022-05-21 03:38:55.783[0;39m [32mDEBUG[0;39m [35m14408[0;39m [2m---[0;39m [2m[nio-9999-exec-6][0;39m [36mc.ssafy.vue.controller.QboardController [0;39m [2m:[0;39m retrieveQboard - 호출
[2m2022-05-21 03:39:03.921[0;39m [32mDEBUG[0;39m [35m14408[0;39m [2m---[0;39m [2m[nio-9999-exec-7][0;39m [36mc.ssafy.vue.controller.MemberController [0;39m [2m:[0;39m 로그인 토큰정보 : eyJ0eXAiOiJKV1QiLCJyZWdEYXRlIjoxNjUzMDcxOTQzOTIxLCJhbGciOiJIUzI1NiJ9.eyJleHAiOjE2NTMwNzU1NDMsInN1YiI6ImFjY2Vzcy10b2tlbiIsInVzZXJpZCI6InNzYWZ5MSJ9.iYa91--kNga_vHRkbFnlkKSjuuuQaCzrB2AandeBjP4
[2m2022-05-21 03:39:03.930[0;39m [32m INFO[0;39m [35m14408[0;39m [2m---[0;39m [2m[nio-9999-exec-9][0;39m [36mc.ssafy.vue.controller.MemberController [0;39m [2m:[0;39m 사용 가능한 토큰!!!
[2m2022-05-21 03:39:05.571[0;39m [32mDEBUG[0;39m [35m14408[0;39m [2m---[0;39m [2m[nio-9999-exec-8][0;39m [36mc.ssafy.vue.controller.QboardController [0;39m [2m:[0;39m retrieveQboard - 호출
[2m2022-05-21 03:39:06.338[0;39m [32mDEBUG[0;39m [35m14408[0;39m [2m---[0;39m [2m[io-9999-exec-10][0;39m [36mc.ssafy.vue.controller.QboardController [0;39m [2m:[0;39m detailQboard - 호출
[2m2022-05-21 03:39:06.338[0;39m [32mDEBUG[0;39m [35m14408[0;39m [2m---[0;39m [2m[nio-9999-exec-1][0;39m [36mc.ssafy.vue.controller.AboardController [0;39m [2m:[0;39m detailAboard - 호출
[2m2022-05-21 03:39:13.661[0;39m [32mDEBUG[0;39m [35m14408[0;39m [2m---[0;39m [2m[nio-9999-exec-2][0;39m [36mc.ssafy.vue.controller.AboardController [0;39m [2m:[0;39m writeAboard - 호출
[2m2022-05-21 03:39:15.202[0;39m [32mDEBUG[0;39m [35m14408[0;39m [2m---[0;39m [2m[nio-9999-exec-3][0;39m [36mc.ssafy.vue.controller.QboardController [0;39m [2m:[0;39m detailQboard - 호출
[2m2022-05-21 03:39:15.203[0;39m [32mDEBUG[0;39m [35m14408[0;39m [2m---[0;39m [2m[nio-9999-exec-4][0;39m [36mc.ssafy.vue.controller.AboardController [0;39m [2m:[0;39m detailAboard - 호출
[2m2022-05-21 03:39:17.739[0;39m [32mDEBUG[0;39m [35m14408[0;39m [2m---[0;39m [2m[nio-9999-exec-6][0;39m [36mc.ssafy.vue.controller.AboardController [0;39m [2m:[0;39m getAboard - 호출
[2m2022-05-21 03:39:18.938[0;39m [32mDEBUG[0;39m [35m14408[0;39m [2m---[0;39m [2m[nio-9999-exec-7][0;39m [36mc.ssafy.vue.controller.AboardController [0;39m [2m:[0;39m updateAboard - 호출
[2m2022-05-21 03:39:18.938[0;39m [32mDEBUG[0;39m [35m14408[0;39m [2m---[0;39m [2m[nio-9999-exec-7][0;39m [36mc.ssafy.vue.controller.AboardController [0;39m [2m:[0;39m com.ssafy.vue.dto.Aboard@48cfee21
[2m2022-05-21 03:39:19.784[0;39m [32mDEBUG[0;39m [35m14408[0;39m [2m---[0;39m [2m[nio-9999-exec-8][0;39m [36mc.ssafy.vue.controller.AboardController [0;39m [2m:[0;39m detailAboard - 호출
[2m2022-05-21 03:39:19.784[0;39m [32mDEBUG[0;39m [35m14408[0;39m [2m---[0;39m [2m[nio-9999-exec-9][0;39m [36mc.ssafy.vue.controller.QboardController [0;39m [2m:[0;39m detailQboard - 호출
[2m2022-05-21 03:39:21.932[0;39m [32mDEBUG[0;39m [35m14408[0;39m [2m---[0;39m [2m[nio-9999-exec-1][0;39m [36mc.ssafy.vue.controller.AboardController [0;39m [2m:[0;39m deleteAboard - 호출
[2m2022-05-21 03:39:22.766[0;39m [32mDEBUG[0;39m [35m14408[0;39m [2m---[0;39m [2m[nio-9999-exec-3][0;39m [36mc.ssafy.vue.controller.AboardController [0;39m [2m:[0;39m detailAboard - 호출
[2m2022-05-21 03:39:22.766[0;39m [32mDEBUG[0;39m [35m14408[0;39m [2m---[0;39m [2m[nio-9999-exec-2][0;39m [36mc.ssafy.vue.controller.QboardController [0;39m [2m:[0;39m detailQboard - 호출
[2m2022-05-21 03:39:27.412[0;39m [32mDEBUG[0;39m [35m14408[0;39m [2m---[0;39m [2m[nio-9999-exec-4][0;39m [36mc.ssafy.vue.controller.QboardController [0;39m [2m:[0;39m retrieveQboard - 호출
[2m2022-05-21 03:40:50.116[0;39m [32mDEBUG[0;39m [35m14408[0;39m [2m---[0;39m [2m[nio-9999-exec-7][0;39m [36mc.ssafy.vue.controller.BoardController  [0;39m [2m:[0;39m retrieveBoard - 호출
[2m2022-05-21 03:46:31.542[0;39m [32mDEBUG[0;39m [35m14408[0;39m [2m---[0;39m [2m[nio-9999-exec-1][0;39m [36mc.ssafy.vue.controller.BoardController  [0;39m [2m:[0;39m retrieveBoard - 호출
[2m2022-05-21 03:46:42.468[0;39m [32mDEBUG[0;39m [35m14408[0;39m [2m---[0;39m [2m[nio-9999-exec-2][0;39m [36mc.ssafy.vue.controller.BoardController  [0;39m [2m:[0;39m retrieveBoard - 호출
[2m2022-05-21 03:46:48.000[0;39m [32mDEBUG[0;39m [35m14408[0;39m [2m---[0;39m [2m[nio-9999-exec-3][0;39m [36mc.ssafy.vue.controller.BoardController  [0;39m [2m:[0;39m retrieveBoard - 호출
[2m2022-05-21 03:49:23.132[0;39m [32mDEBUG[0;39m [35m14408[0;39m [2m---[0;39m [2m[nio-9999-exec-6][0;39m [36mc.ssafy.vue.controller.MemberController [0;39m [2m:[0;39m userInfo- 호출
[2m2022-05-21 03:54:34.662[0;39m [32mDEBUG[0;39m [35m14408[0;39m [2m---[0;39m [2m[nio-9999-exec-7][0;39m [36mc.ssafy.vue.controller.BoardController  [0;39m [2m:[0;39m retrieveBoard - 호출
[2m2022-05-21 03:54:40.632[0;39m [32mDEBUG[0;39m [35m14408[0;39m [2m---[0;39m [2m[nio-9999-exec-8][0;39m [36mc.ssafy.vue.controller.MemberController [0;39m [2m:[0;39m 로그인 토큰정보 : eyJ0eXAiOiJKV1QiLCJyZWdEYXRlIjoxNjUzMDcyODgwNjMyLCJhbGciOiJIUzI1NiJ9.eyJleHAiOjE2NTMwNzY0ODAsInN1YiI6ImFjY2Vzcy10b2tlbiIsInVzZXJpZCI6InNzYWZ5In0.h9uxQrUMTOYPKhVEPtVM8kByu4THx6Btami8m6qgBXA
[2m2022-05-21 03:54:40.643[0;39m [32m INFO[0;39m [35m14408[0;39m [2m---[0;39m [2m[nio-9999-exec-9][0;39m [36mc.ssafy.vue.controller.MemberController [0;39m [2m:[0;39m 사용 가능한 토큰!!!
[2m2022-05-21 03:54:41.814[0;39m [32mDEBUG[0;39m [35m14408[0;39m [2m---[0;39m [2m[io-9999-exec-10][0;39m [36mc.ssafy.vue.controller.BoardController  [0;39m [2m:[0;39m retrieveBoard - 호출
[2m2022-05-21 03:56:19.473[0;39m [32mDEBUG[0;39m [35m14408[0;39m [2m---[0;39m [2m[nio-9999-exec-2][0;39m [36mc.ssafy.vue.controller.BoardController  [0;39m [2m:[0;39m retrieveBoard - 호출
[2m2022-05-21 03:58:16.043[0;39m [32mDEBUG[0;39m [35m14408[0;39m [2m---[0;39m [2m[nio-9999-exec-4][0;39m [36mc.ssafy.vue.controller.BoardController  [0;39m [2m:[0;39m retrieveBoard - 호출
[2m2022-05-21 03:59:51.299[0;39m [32mDEBUG[0;39m [35m14408[0;39m [2m---[0;39m [2m[nio-9999-exec-7][0;39m [36mc.ssafy.vue.controller.BoardController  [0;39m [2m:[0;39m writeBoard - 호출
[2m2022-05-21 03:59:52.847[0;39m [32mDEBUG[0;39m [35m14408[0;39m [2m---[0;39m [2m[nio-9999-exec-8][0;39m [36mc.ssafy.vue.controller.BoardController  [0;39m [2m:[0;39m retrieveBoard - 호출
[2m2022-05-21 03:59:54.712[0;39m [32mDEBUG[0;39m [35m14408[0;39m [2m---[0;39m [2m[nio-9999-exec-9][0;39m [36mc.ssafy.vue.controller.BoardController  [0;39m [2m:[0;39m detailBoard - 호출
[2m2022-05-21 03:59:56.502[0;39m [32mDEBUG[0;39m [35m14408[0;39m [2m---[0;39m [2m[io-9999-exec-10][0;39m [36mc.ssafy.vue.controller.BoardController  [0;39m [2m:[0;39m retrieveBoard - 호출
[2m2022-05-21 04:00:09.468[0;39m [32mDEBUG[0;39m [35m14408[0;39m [2m---[0;39m [2m[nio-9999-exec-1][0;39m [36mc.ssafy.vue.controller.QboardController [0;39m [2m:[0;39m retrieveQboard - 호출
[2m2022-05-21 04:00:11.132[0;39m [32mDEBUG[0;39m [35m14408[0;39m [2m---[0;39m [2m[nio-9999-exec-2][0;39m [36mc.ssafy.vue.controller.QboardController [0;39m [2m:[0;39m detailQboard - 호출
[2m2022-05-21 04:00:11.134[0;39m [32mDEBUG[0;39m [35m14408[0;39m [2m---[0;39m [2m[nio-9999-exec-3][0;39m [36mc.ssafy.vue.controller.AboardController [0;39m [2m:[0;39m detailAboard - 호출
[2m2022-05-21 04:05:15.626[0;39m [32mDEBUG[0;39m [35m14408[0;39m [2m---[0;39m [2m[nio-9999-exec-5][0;39m [36mc.ssafy.vue.controller.QboardController [0;39m [2m:[0;39m retrieveQboard - 호출
[2m2022-05-21 04:05:23.498[0;39m [32mDEBUG[0;39m [35m14408[0;39m [2m---[0;39m [2m[nio-9999-exec-7][0;39m [36mc.ssafy.vue.controller.QboardController [0;39m [2m:[0;39m retrieveQboard - 호출
[2m2022-05-21 04:05:31.327[0;39m [32mDEBUG[0;39m [35m14408[0;39m [2m---[0;39m [2m[nio-9999-exec-8][0;39m [36mc.ssafy.vue.controller.QboardController [0;39m [2m:[0;39m retrieveQboard - 호출
[2m2022-05-21 04:08:02.861[0;39m [32mDEBUG[0;39m [35m14408[0;39m [2m---[0;39m [2m[nio-9999-exec-1][0;39m [36mc.ssafy.vue.controller.QboardController [0;39m [2m:[0;39m writeQboard - 호출
[2m2022-05-21 04:08:04.323[0;39m [32mDEBUG[0;39m [35m14408[0;39m [2m---[0;39m [2m[nio-9999-exec-2][0;39m [36mc.ssafy.vue.controller.QboardController [0;39m [2m:[0;39m retrieveQboard - 호출
[2m2022-05-21 04:08:05.652[0;39m [32mDEBUG[0;39m [35m14408[0;39m [2m---[0;39m [2m[nio-9999-exec-3][0;39m [36mc.ssafy.vue.controller.QboardController [0;39m [2m:[0;39m detailQboard - 호출
[2m2022-05-21 04:08:05.653[0;39m [32mDEBUG[0;39m [35m14408[0;39m [2m---[0;39m [2m[nio-9999-exec-4][0;39m [36mc.ssafy.vue.controller.AboardController [0;39m [2m:[0;39m detailAboard - 호출
[2m2022-05-21 04:15:39.046[0;39m [32m INFO[0;39m [35m14408[0;39m [2m---[0;39m [2m[(464)-127.0.0.1][0;39m [36minMXBeanRegistrar$SpringApplicationAdmin[0;39m [2m:[0;39m Application shutdown requested.
[2m2022-05-21 11:56:08.132[0;39m [32m INFO[0;39m [35m9092[0;39m [2m---[0;39m [2m[  restartedMain][0;39m [36m.e.DevToolsPropertyDefaultsPostProcessor[0;39m [2m:[0;39m Devtools property defaults active! Set 'spring.devtools.add-properties' to 'false' to disable
[2m2022-05-21 11:56:08.134[0;39m [32m INFO[0;39m [35m9092[0;39m [2m---[0;39m [2m[  restartedMain][0;39m [36m.e.DevToolsPropertyDefaultsPostProcessor[0;39m [2m:[0;39m For additional web related logging consider setting the 'logging.level.web' property to 'DEBUG'
[2m2022-05-21 11:56:09.143[0;39m [32m INFO[0;39m [35m9092[0;39m [2m---[0;39m [2m[  restartedMain][0;39m [36mo.s.b.w.embedded.tomcat.TomcatWebServer [0;39m [2m:[0;39m Tomcat initialized with port(s): 9999 (http)
[2m2022-05-21 11:56:09.292[0;39m [32m INFO[0;39m [35m9092[0;39m [2m---[0;39m [2m[  restartedMain][0;39m [36mw.s.c.ServletWebServerApplicationContext[0;39m [2m:[0;39m Root WebApplicationContext: initialization completed in 1158 ms
[2m2022-05-21 11:56:09.847[0;39m [32m INFO[0;39m [35m9092[0;39m [2m---[0;39m [2m[  restartedMain][0;39m [36mo.s.b.d.a.OptionalLiveReloadServer      [0;39m [2m:[0;39m LiveReload server is running on port 35729
[2m2022-05-21 11:56:09.972[0;39m [32m INFO[0;39m [35m9092[0;39m [2m---[0;39m [2m[  restartedMain][0;39m [36mo.s.b.w.embedded.tomcat.TomcatWebServer [0;39m [2m:[0;39m Tomcat started on port(s): 9999 (http) with context path '/vue'
[2m2022-05-21 12:58:20.603[0;39m [32m INFO[0;39m [35m9092[0;39m [2m---[0;39m [2m[n(70)-127.0.0.1][0;39m [36minMXBeanRegistrar$SpringApplicationAdmin[0;39m [2m:[0;39m Application shutdown requested.
[2m2022-05-21 16:07:52.516[0;39m [32m INFO[0;39m [35m14860[0;39m [2m---[0;39m [2m[  restartedMain][0;39m [36m.e.DevToolsPropertyDefaultsPostProcessor[0;39m [2m:[0;39m Devtools property defaults active! Set 'spring.devtools.add-properties' to 'false' to disable
[2m2022-05-21 16:07:52.518[0;39m [32m INFO[0;39m [35m14860[0;39m [2m---[0;39m [2m[  restartedMain][0;39m [36m.e.DevToolsPropertyDefaultsPostProcessor[0;39m [2m:[0;39m For additional web related logging consider setting the 'logging.level.web' property to 'DEBUG'
[2m2022-05-21 16:07:53.650[0;39m [32m INFO[0;39m [35m14860[0;39m [2m---[0;39m [2m[  restartedMain][0;39m [36mo.s.b.w.embedded.tomcat.TomcatWebServer [0;39m [2m:[0;39m Tomcat initialized with port(s): 9999 (http)
[2m2022-05-21 16:07:53.806[0;39m [32m INFO[0;39m [35m14860[0;39m [2m---[0;39m [2m[  restartedMain][0;39m [36mw.s.c.ServletWebServerApplicationContext[0;39m [2m:[0;39m Root WebApplicationContext: initialization completed in 1287 ms
[2m2022-05-21 16:07:54.473[0;39m [32m INFO[0;39m [35m14860[0;39m [2m---[0;39m [2m[  restartedMain][0;39m [36mo.s.b.d.a.OptionalLiveReloadServer      [0;39m [2m:[0;39m LiveReload server is running on port 35729
[2m2022-05-21 16:07:54.618[0;39m [32m INFO[0;39m [35m14860[0;39m [2m---[0;39m [2m[  restartedMain][0;39m [36mo.s.b.w.embedded.tomcat.TomcatWebServer [0;39m [2m:[0;39m Tomcat started on port(s): 9999 (http) with context path '/vue'
[2m2022-05-21 16:12:32.623[0;39m [32m INFO[0;39m [35m14860[0;39m [2m---[0;39m [2m[nio-9999-exec-1][0;39m [36mo.s.web.servlet.DispatcherServlet       [0;39m [2m:[0;39m Initializing Servlet 'dispatcherServlet'
[2m2022-05-21 16:12:32.624[0;39m [32m INFO[0;39m [35m14860[0;39m [2m---[0;39m [2m[nio-9999-exec-1][0;39m [36mo.s.web.servlet.DispatcherServlet       [0;39m [2m:[0;39m Completed initialization in 1 ms
[2m2022-05-21 16:12:32.646[0;39m [32mDEBUG[0;39m [35m14860[0;39m [2m---[0;39m [2m[nio-9999-exec-1][0;39m [36mc.ssafy.vue.controller.QboardController [0;39m [2m:[0;39m retrieveQboard - 호출
[2m2022-05-21 16:12:38.115[0;39m [32mDEBUG[0;39m [35m14860[0;39m [2m---[0;39m [2m[nio-9999-exec-2][0;39m [36mc.ssafy.vue.controller.BoardController  [0;39m [2m:[0;39m retrieveBoard - 호출
[2m2022-05-21 16:12:40.577[0;39m [32mDEBUG[0;39m [35m14860[0;39m [2m---[0;39m [2m[nio-9999-exec-3][0;39m [36mc.ssafy.vue.controller.BoardController  [0;39m [2m:[0;39m retrieveBoard - 호출
[2m2022-05-21 16:12:52.172[0;39m [32mDEBUG[0;39m [35m14860[0;39m [2m---[0;39m [2m[nio-9999-exec-6][0;39m [36mc.ssafy.vue.controller.MemberController [0;39m [2m:[0;39m 로그인 토큰정보 : eyJ0eXAiOiJKV1QiLCJyZWdEYXRlIjoxNjUzMTE3MTcyMTU0LCJhbGciOiJIUzI1NiJ9.eyJleHAiOjE2NTMxMjA3NzIsInN1YiI6ImFjY2Vzcy10b2tlbiIsInVzZXJpZCI6InNzYWZ5In0.D3SHsiixC1ip83rW2C5ZoewuU36hPmdtEkLOf2cyMro
[2m2022-05-21 16:12:52.212[0;39m [32m INFO[0;39m [35m14860[0;39m [2m---[0;39m [2m[nio-9999-exec-8][0;39m [36mc.ssafy.vue.controller.MemberController [0;39m [2m:[0;39m 사용 가능한 토큰!!!
[2m2022-05-21 16:13:09.906[0;39m [32mDEBUG[0;39m [35m14860[0;39m [2m---[0;39m [2m[io-9999-exec-10][0;39m [36mc.ssafy.vue.controller.BoardController  [0;39m [2m:[0;39m retrieveBoard - 호출
[2m2022-05-21 16:13:11.182[0;39m [32mDEBUG[0;39m [35m14860[0;39m [2m---[0;39m [2m[nio-9999-exec-1][0;39m [36mc.ssafy.vue.controller.QboardController [0;39m [2m:[0;39m retrieveQboard - 호출
[2m2022-05-21 16:13:15.591[0;39m [32mDEBUG[0;39m [35m14860[0;39m [2m---[0;39m [2m[nio-9999-exec-2][0;39m [36mc.ssafy.vue.controller.QboardController [0;39m [2m:[0;39m detailQboard - 호출
[2m2022-05-21 16:13:15.592[0;39m [32mDEBUG[0;39m [35m14860[0;39m [2m---[0;39m [2m[nio-9999-exec-3][0;39m [36mc.ssafy.vue.controller.AboardController [0;39m [2m:[0;39m detailAboard - 호출
[2m2022-05-21 16:13:20.895[0;39m [32mDEBUG[0;39m [35m14860[0;39m [2m---[0;39m [2m[nio-9999-exec-5][0;39m [36mc.ssafy.vue.controller.AboardController [0;39m [2m:[0;39m writeAboard - 호출
[2m2022-05-21 16:13:21.816[0;39m [32mDEBUG[0;39m [35m14860[0;39m [2m---[0;39m [2m[nio-9999-exec-6][0;39m [36mc.ssafy.vue.controller.QboardController [0;39m [2m:[0;39m detailQboard - 호출
[2m2022-05-21 16:13:21.817[0;39m [32mDEBUG[0;39m [35m14860[0;39m [2m---[0;39m [2m[nio-9999-exec-7][0;39m [36mc.ssafy.vue.controller.AboardController [0;39m [2m:[0;39m detailAboard - 호출
[2m2022-05-21 16:18:03.811[0;39m [32mDEBUG[0;39m [35m14860[0;39m [2m---[0;39m [2m[io-9999-exec-10][0;39m [36mc.ssafy.vue.controller.QboardController [0;39m [2m:[0;39m detailQboard - 호출
[2m2022-05-21 16:18:03.817[0;39m [32mDEBUG[0;39m [35m14860[0;39m [2m---[0;39m [2m[nio-9999-exec-1][0;39m [36mc.ssafy.vue.controller.AboardController [0;39m [2m:[0;39m detailAboard - 호출
[2m2022-05-21 16:18:06.859[0;39m [32mDEBUG[0;39m [35m14860[0;39m [2m---[0;39m [2m[nio-9999-exec-2][0;39m [36mc.ssafy.vue.controller.QboardController [0;39m [2m:[0;39m retrieveQboard - 호출
[2m2022-05-21 16:18:10.058[0;39m [32mDEBUG[0;39m [35m14860[0;39m [2m---[0;39m [2m[nio-9999-exec-4][0;39m [36mc.ssafy.vue.controller.QboardController [0;39m [2m:[0;39m retrieveQboard - 호출
[2m2022-05-21 16:34:37.442[0;39m [32mDEBUG[0;39m [35m14860[0;39m [2m---[0;39m [2m[nio-9999-exec-3][0;39m [36mc.ssafy.vue.controller.QboardController [0;39m [2m:[0;39m retrieveQboard - 호출
[2m2022-05-21 16:34:39.142[0;39m [32mDEBUG[0;39m [35m14860[0;39m [2m---[0;39m [2m[nio-9999-exec-4][0;39m [36mc.ssafy.vue.controller.QboardController [0;39m [2m:[0;39m retrieveQboard - 호출
[2m2022-05-21 21:39:10.816[0;39m [32mDEBUG[0;39m [35m14860[0;39m [2m---[0;39m [2m[nio-9999-exec-1][0;39m [36mc.ssafy.vue.controller.BoardController  [0;39m [2m:[0;39m retrieveBoard - 호출
[2m2022-05-21 21:39:15.499[0;39m [32mDEBUG[0;39m [35m14860[0;39m [2m---[0;39m [2m[nio-9999-exec-2][0;39m [36mc.ssafy.vue.controller.QboardController [0;39m [2m:[0;39m retrieveQboard - 호출
[2m2022-05-21 21:45:56.231[0;39m [32mDEBUG[0;39m [35m14860[0;39m [2m---[0;39m [2m[nio-9999-exec-6][0;39m [36mc.ssafy.vue.controller.MemberController [0;39m [2m:[0;39m 로그인 토큰정보 : eyJ0eXAiOiJKV1QiLCJyZWdEYXRlIjoxNjUzMTM3MTU2MjMxLCJhbGciOiJIUzI1NiJ9.eyJleHAiOjE2NTMxNDA3NTYsInN1YiI6ImFjY2Vzcy10b2tlbiIsInVzZXJpZCI6InNzYWZ5In0.Jpew4q-DwR9FweNEK1a3QwJCa_avgE8CthpQSZPPfZ8
[2m2022-05-21 21:45:56.240[0;39m [32m INFO[0;39m [35m14860[0;39m [2m---[0;39m [2m[nio-9999-exec-8][0;39m [36mc.ssafy.vue.controller.MemberController [0;39m [2m:[0;39m 사용 가능한 토큰!!!
[2m2022-05-21 21:46:03.978[0;39m [32mDEBUG[0;39m [35m14860[0;39m [2m---[0;39m [2m[io-9999-exec-10][0;39m [36mc.ssafy.vue.controller.MemberController [0;39m [2m:[0;39m getById- 호출
[2m2022-05-21 21:46:08.279[0;39m [32mDEBUG[0;39m [35m14860[0;39m [2m---[0;39m [2m[nio-9999-exec-2][0;39m [36mc.ssafy.vue.controller.MemberController [0;39m [2m:[0;39m modifyMember - 호출
[2m2022-05-21 21:46:11.917[0;39m [32mDEBUG[0;39m [35m14860[0;39m [2m---[0;39m [2m[nio-9999-exec-3][0;39m [36mc.ssafy.vue.controller.MemberController [0;39m [2m:[0;39m getById- 호출
[2m2022-05-21 21:46:14.494[0;39m [32mDEBUG[0;39m [35m14860[0;39m [2m---[0;39m [2m[nio-9999-exec-4][0;39m [36mc.ssafy.vue.controller.MemberController [0;39m [2m:[0;39m modifyMember - 호출
[2m2022-05-21 21:46:19.502[0;39m [32mDEBUG[0;39m [35m14860[0;39m [2m---[0;39m [2m[nio-9999-exec-6][0;39m [36mc.ssafy.vue.controller.BoardController  [0;39m [2m:[0;39m retrieveBoard - 호출
[2m2022-05-21 21:46:20.696[0;39m [32mDEBUG[0;39m [35m14860[0;39m [2m---[0;39m [2m[nio-9999-exec-7][0;39m [36mc.ssafy.vue.controller.BoardController  [0;39m [2m:[0;39m retrieveBoard - 호출
[2m2022-05-21 21:46:25.398[0;39m [32mDEBUG[0;39m [35m14860[0;39m [2m---[0;39m [2m[nio-9999-exec-8][0;39m [36mc.ssafy.vue.controller.BoardController  [0;39m [2m:[0;39m detailBoard - 호출
[2m2022-05-21 21:46:26.847[0;39m [32mDEBUG[0;39m [35m14860[0;39m [2m---[0;39m [2m[nio-9999-exec-9][0;39m [36mc.ssafy.vue.controller.BoardController  [0;39m [2m:[0;39m retrieveBoard - 호출
[2m2022-05-21 21:46:27.887[0;39m [32mDEBUG[0;39m [35m14860[0;39m [2m---[0;39m [2m[io-9999-exec-10][0;39m [36mc.ssafy.vue.controller.BoardController  [0;39m [2m:[0;39m detailBoard - 호출
[2m2022-05-21 21:46:30.989[0;39m [32mDEBUG[0;39m [35m14860[0;39m [2m---[0;39m [2m[nio-9999-exec-1][0;39m [36mc.ssafy.vue.controller.BoardController  [0;39m [2m:[0;39m retrieveBoard - 호출
[2m2022-05-21 22:25:46.507[0;39m [32m INFO[0;39m [35m14860[0;39m [2m---[0;39m [2m[(387)-127.0.0.1][0;39m [36minMXBeanRegistrar$SpringApplicationAdmin[0;39m [2m:[0;39m Application shutdown requested.
[2m2022-05-21 22:26:00.997[0;39m [32m INFO[0;39m [35m17052[0;39m [2m---[0;39m [2m[  restartedMain][0;39m [36m.e.DevToolsPropertyDefaultsPostProcessor[0;39m [2m:[0;39m Devtools property defaults active! Set 'spring.devtools.add-properties' to 'false' to disable
[2m2022-05-21 22:26:00.999[0;39m [32m INFO[0;39m [35m17052[0;39m [2m---[0;39m [2m[  restartedMain][0;39m [36m.e.DevToolsPropertyDefaultsPostProcessor[0;39m [2m:[0;39m For additional web related logging consider setting the 'logging.level.web' property to 'DEBUG'
[2m2022-05-21 22:26:01.937[0;39m [32m INFO[0;39m [35m17052[0;39m [2m---[0;39m [2m[  restartedMain][0;39m [36mo.s.b.w.embedded.tomcat.TomcatWebServer [0;39m [2m:[0;39m Tomcat initialized with port(s): 9999 (http)
[2m2022-05-21 22:26:02.086[0;39m [32m INFO[0;39m [35m17052[0;39m [2m---[0;39m [2m[  restartedMain][0;39m [36mw.s.c.ServletWebServerApplicationContext[0;39m [2m:[0;39m Root WebApplicationContext: initialization completed in 1087 ms
[2m2022-05-21 22:26:02.611[0;39m [32m INFO[0;39m [35m17052[0;39m [2m---[0;39m [2m[  restartedMain][0;39m [36mo.s.b.d.a.OptionalLiveReloadServer      [0;39m [2m:[0;39m LiveReload server is running on port 35729
[2m2022-05-21 22:26:02.744[0;39m [32m INFO[0;39m [35m17052[0;39m [2m---[0;39m [2m[  restartedMain][0;39m [36mo.s.b.w.embedded.tomcat.TomcatWebServer [0;39m [2m:[0;39m Tomcat started on port(s): 9999 (http) with context path '/vue'
[2m2022-05-21 22:26:10.748[0;39m [32m INFO[0;39m [35m17052[0;39m [2m---[0;39m [2m[nio-9999-exec-1][0;39m [36mo.s.web.servlet.DispatcherServlet       [0;39m [2m:[0;39m Initializing Servlet 'dispatcherServlet'
[2m2022-05-21 22:26:10.751[0;39m [32m INFO[0;39m [35m17052[0;39m [2m---[0;39m [2m[nio-9999-exec-1][0;39m [36mo.s.web.servlet.DispatcherServlet       [0;39m [2m:[0;39m Completed initialization in 2 ms
[2m2022-05-21 22:27:32.450[0;39m [32m INFO[0;39m [35m17052[0;39m [2m---[0;39m [2m[  restartedMain][0;39m [36mo.s.b.w.embedded.tomcat.TomcatWebServer [0;39m [2m:[0;39m Tomcat initialized with port(s): 9999 (http)
[2m2022-05-21 22:27:32.496[0;39m [32m INFO[0;39m [35m17052[0;39m [2m---[0;39m [2m[  restartedMain][0;39m [36mw.s.c.ServletWebServerApplicationContext[0;39m [2m:[0;39m Root WebApplicationContext: initialization completed in 411 ms
[2m2022-05-21 22:27:32.639[0;39m [32m INFO[0;39m [35m17052[0;39m [2m---[0;39m [2m[  restartedMain][0;39m [36mo.s.b.d.a.OptionalLiveReloadServer      [0;39m [2m:[0;39m LiveReload server is running on port 35729
[2m2022-05-21 22:27:32.676[0;39m [32m INFO[0;39m [35m17052[0;39m [2m---[0;39m [2m[  restartedMain][0;39m [36mo.s.b.w.embedded.tomcat.TomcatWebServer [0;39m [2m:[0;39m Tomcat started on port(s): 9999 (http) with context path '/vue'
[2m2022-05-21 22:27:32.764[0;39m [32m INFO[0;39m [35m17052[0;39m [2m---[0;39m [2m[  restartedMain][0;39m [36m.ConditionEvaluationDeltaLoggingListener[0;39m [2m:[0;39m Condition evaluation unchanged
[2m2022-05-21 22:27:34.798[0;39m [32m INFO[0;39m [35m17052[0;39m [2m---[0;39m [2m[nio-9999-exec-1][0;39m [36mo.s.web.servlet.DispatcherServlet       [0;39m [2m:[0;39m Initializing Servlet 'dispatcherServlet'
[2m2022-05-21 22:27:34.800[0;39m [32m INFO[0;39m [35m17052[0;39m [2m---[0;39m [2m[nio-9999-exec-1][0;39m [36mo.s.web.servlet.DispatcherServlet       [0;39m [2m:[0;39m Completed initialization in 1 ms
[2m2022-05-21 22:27:35.635[0;39m [32m INFO[0;39m [35m17052[0;39m [2m---[0;39m [2m[  restartedMain][0;39m [36mo.s.b.w.embedded.tomcat.TomcatWebServer [0;39m [2m:[0;39m Tomcat initialized with port(s): 9999 (http)
[2m2022-05-21 22:27:35.677[0;39m [32m INFO[0;39m [35m17052[0;39m [2m---[0;39m [2m[  restartedMain][0;39m [36mw.s.c.ServletWebServerApplicationContext[0;39m [2m:[0;39m Root WebApplicationContext: initialization completed in 319 ms
[2m2022-05-21 22:27:35.812[0;39m [32m INFO[0;39m [35m17052[0;39m [2m---[0;39m [2m[  restartedMain][0;39m [36mo.s.b.d.a.OptionalLiveReloadServer      [0;39m [2m:[0;39m LiveReload server is running on port 35729
[2m2022-05-21 22:27:35.848[0;39m [32m INFO[0;39m [35m17052[0;39m [2m---[0;39m [2m[  restartedMain][0;39m [36mo.s.b.w.embedded.tomcat.TomcatWebServer [0;39m [2m:[0;39m Tomcat started on port(s): 9999 (http) with context path '/vue'
[2m2022-05-21 22:27:35.921[0;39m [32m INFO[0;39m [35m17052[0;39m [2m---[0;39m [2m[  restartedMain][0;39m [36m.ConditionEvaluationDeltaLoggingListener[0;39m [2m:[0;39m Condition evaluation unchanged
[2m2022-05-21 22:27:36.077[0;39m [32m INFO[0;39m [35m17052[0;39m [2m---[0;39m [2m[nio-9999-exec-1][0;39m [36mo.s.web.servlet.DispatcherServlet       [0;39m [2m:[0;39m Initializing Servlet 'dispatcherServlet'
[2m2022-05-21 22:27:36.079[0;39m [32m INFO[0;39m [35m17052[0;39m [2m---[0;39m [2m[nio-9999-exec-1][0;39m [36mo.s.web.servlet.DispatcherServlet       [0;39m [2m:[0;39m Completed initialization in 1 ms
[2m2022-05-21 22:27:47.156[0;39m [32m INFO[0;39m [35m17052[0;39m [2m---[0;39m [2m[  restartedMain][0;39m [36mo.s.b.w.embedded.tomcat.TomcatWebServer [0;39m [2m:[0;39m Tomcat initialized with port(s): 9999 (http)
[2m2022-05-21 22:27:47.194[0;39m [32m INFO[0;39m [35m17052[0;39m [2m---[0;39m [2m[  restartedMain][0;39m [36mw.s.c.ServletWebServerApplicationContext[0;39m [2m:[0;39m Root WebApplicationContext: initialization completed in 320 ms
[2m2022-05-21 22:27:47.317[0;39m [32m INFO[0;39m [35m17052[0;39m [2m---[0;39m [2m[  restartedMain][0;39m [36mo.s.b.d.a.OptionalLiveReloadServer      [0;39m [2m:[0;39m LiveReload server is running on port 35729
[2m2022-05-21 22:27:47.353[0;39m [32m INFO[0;39m [35m17052[0;39m [2m---[0;39m [2m[  restartedMain][0;39m [36mo.s.b.w.embedded.tomcat.TomcatWebServer [0;39m [2m:[0;39m Tomcat started on port(s): 9999 (http) with context path '/vue'
[2m2022-05-21 22:27:47.376[0;39m [32m INFO[0;39m [35m17052[0;39m [2m---[0;39m [2m[nio-9999-exec-1][0;39m [36mo.s.web.servlet.DispatcherServlet       [0;39m [2m:[0;39m Initializing Servlet 'dispatcherServlet'
[2m2022-05-21 22:27:47.378[0;39m [32m INFO[0;39m [35m17052[0;39m [2m---[0;39m [2m[nio-9999-exec-1][0;39m [36mo.s.web.servlet.DispatcherServlet       [0;39m [2m:[0;39m Completed initialization in 1 ms
[2m2022-05-21 22:27:47.443[0;39m [32m INFO[0;39m [35m17052[0;39m [2m---[0;39m [2m[  restartedMain][0;39m [36m.ConditionEvaluationDeltaLoggingListener[0;39m [2m:[0;39m Condition evaluation unchanged
[2m2022-05-21 22:27:53.405[0;39m [32m INFO[0;39m [35m17052[0;39m [2m---[0;39m [2m[  restartedMain][0;39m [36mo.s.b.w.embedded.tomcat.TomcatWebServer [0;39m [2m:[0;39m Tomcat initialized with port(s): 9999 (http)
[2m2022-05-21 22:27:53.443[0;39m [32m INFO[0;39m [35m17052[0;39m [2m---[0;39m [2m[  restartedMain][0;39m [36mw.s.c.ServletWebServerApplicationContext[0;39m [2m:[0;39m Root WebApplicationContext: initialization completed in 309 ms
[2m2022-05-21 22:27:53.570[0;39m [32m INFO[0;39m [35m17052[0;39m [2m---[0;39m [2m[  restartedMain][0;39m [36mo.s.b.d.a.OptionalLiveReloadServer      [0;39m [2m:[0;39m LiveReload server is running on port 35729
[2m2022-05-21 22:27:53.603[0;39m [32m INFO[0;39m [35m17052[0;39m [2m---[0;39m [2m[  restartedMain][0;39m [36mo.s.b.w.embedded.tomcat.TomcatWebServer [0;39m [2m:[0;39m Tomcat started on port(s): 9999 (http) with context path '/vue'
[2m2022-05-21 22:27:53.668[0;39m [32m INFO[0;39m [35m17052[0;39m [2m---[0;39m [2m[  restartedMain][0;39m [36m.ConditionEvaluationDeltaLoggingListener[0;39m [2m:[0;39m Condition evaluation unchanged
[2m2022-05-21 22:27:53.686[0;39m [32m INFO[0;39m [35m17052[0;39m [2m---[0;39m [2m[nio-9999-exec-1][0;39m [36mo.s.web.servlet.DispatcherServlet       [0;39m [2m:[0;39m Initializing Servlet 'dispatcherServlet'
[2m2022-05-21 22:27:53.688[0;39m [32m INFO[0;39m [35m17052[0;39m [2m---[0;39m [2m[nio-9999-exec-1][0;39m [36mo.s.web.servlet.DispatcherServlet       [0;39m [2m:[0;39m Completed initialization in 0 ms
[2m2022-05-21 22:27:58.590[0;39m [32m INFO[0;39m [35m17052[0;39m [2m---[0;39m [2m[  restartedMain][0;39m [36mo.s.b.w.embedded.tomcat.TomcatWebServer [0;39m [2m:[0;39m Tomcat initialized with port(s): 9999 (http)
[2m2022-05-21 22:27:58.627[0;39m [32m INFO[0;39m [35m17052[0;39m [2m---[0;39m [2m[  restartedMain][0;39m [36mw.s.c.ServletWebServerApplicationContext[0;39m [2m:[0;39m Root WebApplicationContext: initialization completed in 305 ms
[2m2022-05-21 22:27:58.740[0;39m [32m INFO[0;39m [35m17052[0;39m [2m---[0;39m [2m[  restartedMain][0;39m [36mo.s.b.d.a.OptionalLiveReloadServer      [0;39m [2m:[0;39m LiveReload server is running on port 35729
[2m2022-05-21 22:27:58.772[0;39m [32m INFO[0;39m [35m17052[0;39m [2m---[0;39m [2m[  restartedMain][0;39m [36mo.s.b.w.embedded.tomcat.TomcatWebServer [0;39m [2m:[0;39m Tomcat started on port(s): 9999 (http) with context path '/vue'
[2m2022-05-21 22:27:58.833[0;39m [32m INFO[0;39m [35m17052[0;39m [2m---[0;39m [2m[  restartedMain][0;39m [36m.ConditionEvaluationDeltaLoggingListener[0;39m [2m:[0;39m Condition evaluation unchanged
[2m2022-05-21 22:30:54.261[0;39m [32m INFO[0;39m [35m17052[0;39m [2m---[0;39m [2m[  restartedMain][0;39m [36mo.s.b.w.embedded.tomcat.TomcatWebServer [0;39m [2m:[0;39m Tomcat initialized with port(s): 9999 (http)
[2m2022-05-21 22:30:54.299[0;39m [32m INFO[0;39m [35m17052[0;39m [2m---[0;39m [2m[  restartedMain][0;39m [36mw.s.c.ServletWebServerApplicationContext[0;39m [2m:[0;39m Root WebApplicationContext: initialization completed in 359 ms
[2m2022-05-21 22:30:54.414[0;39m [32m INFO[0;39m [35m17052[0;39m [2m---[0;39m [2m[  restartedMain][0;39m [36mo.s.b.d.a.OptionalLiveReloadServer      [0;39m [2m:[0;39m LiveReload server is running on port 35729
[2m2022-05-21 22:30:54.449[0;39m [32m INFO[0;39m [35m17052[0;39m [2m---[0;39m [2m[  restartedMain][0;39m [36mo.s.b.w.embedded.tomcat.TomcatWebServer [0;39m [2m:[0;39m Tomcat started on port(s): 9999 (http) with context path '/vue'
[2m2022-05-21 22:30:54.510[0;39m [32m INFO[0;39m [35m17052[0;39m [2m---[0;39m [2m[  restartedMain][0;39m [36m.ConditionEvaluationDeltaLoggingListener[0;39m [2m:[0;39m Condition evaluation unchanged
[2m2022-05-21 22:31:04.248[0;39m [32m INFO[0;39m [35m17052[0;39m [2m---[0;39m [2m[nio-9999-exec-1][0;39m [36mo.s.web.servlet.DispatcherServlet       [0;39m [2m:[0;39m Initializing Servlet 'dispatcherServlet'
[2m2022-05-21 22:31:04.250[0;39m [32m INFO[0;39m [35m17052[0;39m [2m---[0;39m [2m[nio-9999-exec-1][0;39m [36mo.s.web.servlet.DispatcherServlet       [0;39m [2m:[0;39m Completed initialization in 1 ms
